 # t, ke
   2.0247979675051651E-004   3.4243720406970017E-005
   4.0468699086431380E-004   1.3317780998107042E-004
   6.0612745399581949E-004   2.8525981727730361E-004
   8.0639548467757488E-004   4.7544377922286823E-004
   1.0052640136809917E-003   6.8905049210025678E-004
   1.2028010386110530E-003   9.1332134181411253E-004
   1.3993834645490276E-003   1.1373336676698709E-003
   1.5956821075685922E-003   1.3539138205089763E-003
   1.7908519927014076E-003   1.5580923824199228E-003
   1.9846399978284751E-003   1.7482977693256245E-003
   2.1773645910652430E-003   1.9249415021195067E-003
   2.3695191507416362E-003   2.0894343226893855E-003
   2.5614018037692339E-003   2.2441514959912721E-003
   2.7518784966450971E-003   2.3911236416425813E-003
   2.9413529965982821E-003   2.5333066655687441E-003
   3.1303640079206997E-003   2.6731541776669377E-003
   3.3195599567193311E-003   2.8127378244677025E-003
   3.5091620106631077E-003   2.9534327884042236E-003
   3.6974955447311593E-003   3.0948381551833149E-003
   3.8850349876386075E-003   3.2379776378392063E-003
   4.0723832187622832E-003   3.3839607654659173E-003
   4.2602450519306093E-003   3.5338960561277551E-003
   4.4479617028540383E-003   3.6876418513146388E-003
   4.6348304542668103E-003   3.8447599706026557E-003
   4.8213832638844111E-003   4.0056332538373398E-003
   5.0082380933129615E-003   4.1705703812306349E-003
   5.1951246210750505E-003   4.3389191282563926E-003
   5.3810070979262705E-003   4.5091160714269239E-003
   5.5664214445753524E-003   4.6808806014839730E-003
   5.7519838219711730E-003   4.8539425842232132E-003
   5.9383637221235913E-003   5.0280264175292591E-003
   6.1237702149620878E-003   5.2005163380808954E-003
   6.3084922418844809E-003   5.3707767170514554E-003
   6.4931143372774927E-003   5.5384770441714295E-003
   6.6782812712135051E-003   5.7033458624942092E-003
   6.8632114636627273E-003   5.8639837271135678E-003
   7.0473381349078542E-003   6.0194376073553100E-003
   7.2312241364509821E-003   6.1700334224048378E-003
   7.4154878560043396E-003   6.3165289946559480E-003
   7.5999577261546443E-003   6.4591678361350336E-003
   7.7834439086872688E-003   6.5972872255949944E-003
   7.9665062172605515E-003   6.7314378861154881E-003
   8.1497639786627316E-003   6.8620554290465636E-003
   8.3338673544810712E-003   6.9894790114117620E-003
   8.5169461711416209E-003   7.1125365972268591E-003
   8.6994177551564071E-003   7.2322511625852485E-003
   8.8818870942912829E-003   7.3501371888761930E-003
   9.0649944260193013E-003   7.4678056150364784E-003
   9.2476522902679159E-003   7.5858253406621877E-003
   9.4295454054773350E-003   7.7052978067743971E-003
   9.6112754049523016E-003   7.8279340962137938E-003
   9.7934805380355244E-003   7.9554570598343189E-003
   9.9758051859494268E-003   8.0887754029557724E-003
   1.0157173797116245E-002   8.2279496588552672E-003
   1.0338186427482668E-002   8.3739536892724464E-003
   1.0519486610038304E-002   8.5275449999075680E-003
   1.0701586555990541E-002   8.6890834718398174E-003
   1.0882551375747744E-002   8.8562504120284404E-003
   1.1062974643356430E-002   9.0286129722554221E-003
   1.1243499759876636E-002   9.2057486792478608E-003
   1.1424787452674900E-002   9.3871905438774345E-003
   1.1605368847192297E-002   9.5701657284235405E-003
   1.1785219187934392E-002   9.7531568436233472E-003
   1.1964987813927746E-002   9.9352025791294984E-003
   1.2145346437740699E-002   1.0115357104124799E-002
   1.2325645723461382E-002   1.0291588792400769E-002
   1.2505005158712607E-002   1.0461894346676407E-002
   1.2684077211855865E-002   1.0625720844432000E-002
   1.2863545226232896E-002   1.0782327656677831E-002
   1.3043640116777128E-002   1.0930651843393873E-002
   1.3222586058348453E-002   1.1068433524656283E-002
   1.3401037527425986E-002   1.1195701791043688E-002
   1.3579688456023718E-002   1.1312978153336654E-002
   1.3759236658363212E-002   1.1421542138778265E-002
   1.3937826156844363E-002   1.1521663063233090E-002
   1.4115698677374474E-002   1.1615151039738945E-002
   1.4293560647135025E-002   1.1704259766088004E-002
   1.4472129904929989E-002   1.1791583435271346E-002
   1.4650464434876210E-002   1.1879176817172340E-002
   1.4827844039691342E-002   1.1969181480955269E-002
   1.5004983610516054E-002   1.2064254707604026E-002
   1.5182619840011808E-002   1.2166889718197949E-002
   1.5360785834354979E-002   1.2279072121651798E-002
   1.5537747713084839E-002   1.2401379145181374E-002
   1.5714227596834607E-002   1.2535639550001030E-002
   1.5890980911584616E-002   1.2683563553111524E-002
   1.6068757246244039E-002   1.2846595738788106E-002
   1.6245388173968370E-002   1.3022687387536031E-002
   1.6421274562743612E-002   1.3211064565763906E-002
   1.6597189497835164E-002   1.3410542596679773E-002
   1.6773910120487453E-002   1.3619346573652061E-002
   1.6950321413287908E-002   1.3833169904197175E-002
   1.7125707755565690E-002   1.4047999004127894E-002
   1.7300854922894765E-002   1.4261530047742535E-002
   1.7476565793524648E-002   1.4471344203665601E-002
   1.7652871387378526E-002   1.4674137364554026E-002
   1.7827852740439545E-002   1.4864734702916639E-002
   1.8002305219029950E-002   1.5041537450009300E-002
   1.8177056391272005E-002   1.5203232070468101E-002
   1.8352922428352975E-002   1.5348842299997546E-002
   1.8527615968970769E-002   1.5476179671087139E-002
   1.8701466307585179E-002   1.5586500163993341E-002
   1.8875321962503827E-002   1.5681509834303851E-002
   1.9050032975515874E-002   1.5762830381708406E-002
   1.9224576385684651E-002   1.5831790115172516E-002
   1.9397939557384482E-002   1.5890843886983565E-002
   1.9570985384237474E-002   1.5943668701241146E-002
   1.9744595048112323E-002   1.5994046043709097E-002
   1.9919141551159487E-002   1.6045702627691016E-002
   2.0092147465937956E-002   1.6101521744388336E-002
   2.0264484244968701E-002   1.6165286121854267E-002
   2.0437061268058589E-002   1.6240823995431100E-002
   2.0610776116547391E-002   1.6332059591822556E-002
   2.0783582319377540E-002   1.6440984394004116E-002
   2.0955338947840858E-002   1.6569674112497847E-002
   2.1126976028737768E-002   1.6720322960695956E-002
   2.1299429328601682E-002   1.6894528110221910E-002
   2.1472218075701443E-002   1.7091237018631446E-002
   2.1643549579601216E-002   1.7305785448803322E-002
   2.1814365774895924E-002   1.7535080040317782E-002
   2.1985636267234921E-002   1.7775382154672396E-002
   2.2158308203854546E-002   1.8022816952045082E-002
   2.2329394785502214E-002   1.8268070518391379E-002
   2.2499536529144572E-002   1.8507464906105223E-002
   2.2669730465481396E-002   1.8738253121301372E-002
   2.2840968716226095E-002   1.8957876775736068E-002
   2.3012025582387494E-002   1.9161143857252365E-002
   2.3181676661604051E-002   1.9343861005803036E-002
   2.3350933588786777E-002   1.9505673264446487E-002
   2.3520827667489926E-002   1.9647297767387707E-002
   2.3692097275958907E-002   1.9769677709098109E-002
   2.3861472050012170E-002   1.9871445200866540E-002
   2.4029966833153758E-002   1.9954331823850938E-002
   2.4198645181067274E-002   2.0019673712609203E-002
   2.4368558179264949E-002   2.0069189416637927E-002
   2.4537910087807188E-002   2.0105169625008981E-002
   2.4705860500542694E-002   2.0131539382329255E-002
   2.4873489809861253E-002   2.0152721867156168E-002
   2.5041893020370846E-002   2.0173019608058677E-002
   2.5211512224975877E-002   2.0196807712607442E-002
   2.5379177403167669E-002   2.0228047102365393E-002
   2.5545970775318051E-002   2.0271221572917320E-002
   2.5713022511173984E-002   2.0331052535498072E-002
   2.5881446048746374E-002   2.0412652348397193E-002
   2.6049128153173177E-002   2.0519246588778059E-002
   2.6215348590623484E-002   2.0653229855723258E-002
   2.6381254908296910E-002   2.0817087099709058E-002
   2.6548008099073175E-002   2.1012171329331142E-002
   2.6716052244734806E-002   2.1237230073727392E-002
   2.6882013008276754E-002   2.1482697606946512E-002
   2.7047035784435368E-002   2.1742968858686963E-002
   2.7212318133788011E-002   2.2012711595811835E-002
   2.7379039642320770E-002   2.2287498948573993E-002
   2.7545104216941479E-002   2.2558381283485637E-002
   2.7709565666488363E-002   2.2818969508157552E-002
   2.7873635800244653E-002   2.3066683341144659E-002
   2.8038543793322598E-002   2.3298904547720690E-002
   2.8205121346856661E-002   2.3512421759405006E-002
   2.8369400316353804E-002   2.3699072383517317E-002
   2.8532582698522699E-002   2.3859401476888416E-002
   2.8695933415821075E-002   2.3995012839653405E-002
   2.8860701889532887E-002   2.4107159792205190E-002
   2.9025236214241825E-002   2.4194987502983857E-002
   2.9187928180734738E-002   2.4258696140377706E-002
   2.9350048476004642E-002   2.4300462870803483E-002
   2.9512895940674598E-002   2.4323182560542164E-002
   2.9677729353122573E-002   2.4330763495772005E-002
   2.9840390652370707E-002   2.4327908067093895E-002
   3.0001685462511855E-002   2.4319835840579441E-002
   3.0162942487783159E-002   2.4311296951397051E-002
   3.0325483959408855E-002   2.4306966088933853E-002
   3.0488639579278377E-002   2.4311999708858605E-002
   3.0649598927948180E-002   2.4331506271669065E-002
   3.0809681783566991E-002   2.4370820316316707E-002
   3.0970256454910691E-002   2.4435712724730066E-002
   3.1132658007361001E-002   2.4532350473935767E-002
   3.1293841650605364E-002   2.4663821763302049E-002
   3.1453259286577537E-002   2.4832550860391947E-002
   3.1612293343745899E-002   2.5040590779484735E-002
   3.1772340252239829E-002   2.5287119656022317E-002
   3.1934366928179567E-002   2.5566805619099485E-002
   3.2093715083717902E-002   2.5860608265030838E-002
   3.2251736948842619E-002   2.6158784345795567E-002
   3.2409866493806012E-002   2.6454159671692238E-002
   3.2569518882643679E-002   2.6743508585175803E-002
   3.2729470162617902E-002   2.7020922289785847E-002
   3.2887116126084914E-002   2.7278671395423976E-002
   3.3043876179702461E-002   2.7516142459088771E-002
   3.3201219048671356E-002   2.7732730043873551E-002
   3.3360569807513847E-002   2.7927320316740840E-002
   3.3518563500565264E-002   2.8093176481347248E-002
   3.3674622961097016E-002   2.8229191619668245E-002
   3.3830227387507350E-002   2.8337269938533586E-002
   3.3986872096062756E-002   2.8418962843184858E-002
   3.4145986299562690E-002   2.8475874983649577E-002
   3.4302118958094742E-002   2.8508771147367610E-002
   3.4456686602465057E-002   2.8521959852572675E-002
   3.4611220617817233E-002   2.8518904082677005E-002
   3.4767235214796952E-002   2.8502809462495456E-002
   3.4924299809883826E-002   2.8478207045103607E-002
   3.5078666402178556E-002   2.8451330037612917E-002
   3.5231826848708431E-002   2.8427319819826276E-002
   3.5385348709467954E-002   2.8410545846811384E-002
   3.5540757538333925E-002   2.8405529378643653E-002
   3.5695856500889502E-002   2.8417722674974936E-002
   3.5848535044991268E-002   2.8452002059442996E-002
   3.6000343435708834E-002   2.8512969369180182E-002
   3.6152879253036833E-002   2.8605254779005860E-002
   3.6307674802991081E-002   2.8733919370786187E-002
   3.6460882838558077E-002   2.8899113322467380E-002
   3.6611929367399758E-002   2.9101234411472540E-002
   3.6762417601526584E-002   2.9341020906271567E-002
   3.6913969614714583E-002   2.9616962177924155E-002
   3.7068120911343094E-002   2.9925366588135924E-002
   3.7219495293422000E-002   3.0244167359892542E-002
   3.7368945962667675E-002   3.0560520123815743E-002
   3.7518124135935312E-002   3.0866143117867652E-002
   3.7668671872071034E-002   3.1157676277193083E-002
   3.7821539482066582E-002   3.1433539233464675E-002
   3.7971130064365609E-002   3.1682222423358927E-002
   3.8119008305121098E-002   3.1905449975354765E-002
   3.8266865744339608E-002   3.2103591462411568E-002
   3.8416360608814766E-002   3.2276468617581038E-002
   3.8567362648020999E-002   3.2422657555556192E-002
   3.8715214783949278E-002   3.2539047270918921E-002
   3.8861530066343387E-002   3.2629537175302023E-002
   3.9008033855196113E-002   3.2695949392260046E-002
   3.9156398223090472E-002   3.2738963231738007E-002
   3.9305608979452490E-002   3.2760190987508056E-002
   3.9451758913188154E-002   3.2763582024988608E-002
   3.9596504795906540E-002   3.2753765512351797E-002
   3.9741603741597159E-002   3.2733178923237481E-002
   3.9888741178323840E-002   3.2703280225450021E-002
   4.0036230654555686E-002   3.2668262562642950E-002
   4.0180707530427441E-002   3.2635298028084951E-002
   4.0323867517751417E-002   3.2610586133888848E-002
   4.0467498298687878E-002   3.2597980603880958E-002
   4.0613299260164895E-002   3.2600663298516970E-002
   4.0759137617130320E-002   3.2625100925828127E-002
   4.0901967693168902E-002   3.2679227323135419E-002
   4.1043519081133344E-002   3.2770938065085291E-002
   4.1185609851321171E-002   3.2905614089634057E-002
   4.1329955005472936E-002   3.3085523664916121E-002
   4.1474215165871797E-002   3.3304615199463254E-002
   4.1615424613184404E-002   3.3549583030043330E-002
   4.1755341237625712E-002   3.3810989888117697E-002
   4.1895814144492068E-002   3.4082630785878983E-002
   4.2038576894505901E-002   3.4362960013160637E-002
   4.2181338427179547E-002   3.4646254141225408E-002
   4.2320957853733909E-002   3.4926617127778822E-002
   4.2459214816703297E-002   3.5203899637315565E-002
   4.2597990455083994E-002   3.5473746863898974E-002
   4.2739041421548614E-002   3.5731090914247518E-002
   4.2880395239031532E-002   3.5967868176101855E-002
   4.3018465532786918E-002   3.6178398701594824E-002
   4.3155045475698282E-002   3.6365457849802961E-002
   4.3292048967247664E-002   3.6527953281686745E-002
   4.3431261740120519E-002   3.6663581706718705E-002
   4.3571311053348924E-002   3.6770568788839740E-002
   4.3707885617494502E-002   3.6850933210494138E-002
   4.3842781732601400E-002   3.6911704019588501E-002
   4.3977946105073225E-002   3.6955004968371508E-002
   4.4115200878051507E-002   3.6979975978656092E-002
   4.4254064233075478E-002   3.6988017871629746E-002
   4.4389214046680690E-002   3.6985204801788039E-002
   4.4522436207301452E-002   3.6977999106680905E-002
   4.4655708567281627E-002   3.6968031214796408E-002
   4.4790897759276721E-002   3.6953163019866141E-002
   4.4928709521972102E-002   3.6933917112818952E-002
   4.5062526077047388E-002   3.6917718835204810E-002
   4.5194106407447483E-002   3.6911330222086210E-002
   4.5325454698519278E-002   3.6916316185731303E-002
   4.5458489615985094E-002   3.6930773092359780E-002
   4.5594863265458155E-002   3.6955856554472977E-002
   4.5727466850326193E-002   3.6996759345475250E-002
   4.5857468373233484E-002   3.7060942116867897E-002
   4.5986884326754657E-002   3.7151697115605190E-002
   4.6117691477142578E-002   3.7268703825418616E-002
   4.6251595906323134E-002   3.7413625188940147E-002
   4.6383158654700815E-002   3.7584444073628077E-002
   4.6511695502577534E-002   3.7783591931479454E-002
   4.6639206505608967E-002   3.8010943833423141E-002
   4.6767729514155990E-002   3.8260084597430660E-002
   4.6899042152728755E-002   3.8522638623576168E-002
   4.7029779834400570E-002   3.8783954038861701E-002
   4.7157015240943741E-002   3.9038159565651237E-002
   4.7282699995284394E-002   3.9290556717590533E-002
   4.7408928423165145E-002   3.9540975517689869E-002
   4.7537565937418230E-002   3.9785289501597196E-002
   4.7667718224271384E-002   4.0017452396757434E-002
   4.7793855314811742E-002   4.0231135986756705E-002
   4.7917846562101428E-002   4.0433509775303342E-002
   4.8041823496597739E-002   4.0624344575910090E-002
   4.8167750914468642E-002   4.0798047050463700E-002
   4.8297260605662508E-002   4.0951425833898006E-002
   4.8422538541703967E-002   4.1080563729328480E-002
   4.8545027159854232E-002   4.1196499352683345E-002
   4.8666855704207528E-002   4.1301738990601987E-002
   4.8790091248717894E-002   4.1390111924232642E-002
   4.8916473823947169E-002   4.1455659679486001E-002
   4.9041220144584181E-002   4.1499258624913375E-002
   4.9162497704671758E-002   4.1532707196582856E-002
   4.9282359910490091E-002   4.1562830437960656E-002
   4.9402960733092208E-002   4.1584870311289879E-002
   4.9526174224898467E-002   4.1590806622355668E-002
   4.9650754505052415E-002   4.1581018020274918E-002
   4.9771164718121014E-002   4.1568172092495158E-002
   4.9889326485205457E-002   4.1561469863165362E-002
   5.0007436990342657E-002   4.1558312643801540E-002
   5.0127516602930924E-002   4.1550847428134807E-002
   5.0251204057091735E-002   4.1538450207352626E-002
   5.0371153911463178E-002   4.1536582410129363E-002
   5.0487986266815166E-002   4.1565397240279744E-002
   5.0603866179026201E-002   4.1635429876813873E-002
   5.0720941817846421E-002   4.1744401698901888E-002
   5.0841021936898378E-002   4.1884827432010219E-002
   5.0960999323173307E-002   4.2047505843607842E-002
   5.1076987548783967E-002   4.2226707690016602E-002
   5.1191014518667206E-002   4.2421812502438490E-002
   5.1305298601622668E-002   4.2620770510228341E-002
   5.1421840417955174E-002   4.2807859263861180E-002
   5.1542216461099070E-002   4.2981682316118736E-002
   5.1657893848877340E-002   4.3145189763029515E-002
   5.1770557912304470E-002   4.3318688769654237E-002
   5.1882420973995064E-002   4.3508908273006443E-002
   5.1995640379206697E-002   4.3707577372203377E-002
   5.2112006791534951E-002   4.3904472819155785E-002
   5.2228007090739714E-002   4.4094417188331569E-002
   5.2339957410582186E-002   4.4284231008293040E-002
   5.2449925312950466E-002   4.4483522173650196E-002
   5.2560138349621748E-002   4.4686297168758424E-002
   5.2672624726670995E-002   4.4877206912295332E-002
   5.2788953924155647E-002   4.5047659182647942E-002
   5.2900911333392572E-002   4.5195055572700232E-002
   5.3009655398614269E-002   4.5336680524977517E-002
   5.3117401569034814E-002   4.5477313313737520E-002
   5.3226334608292576E-002   4.5606000326247814E-002
   5.3338300912756882E-002   4.5708297997509653E-002
   5.3451067447835447E-002   4.5783146798984868E-002
   5.3559444050961601E-002   4.5847615853815922E-002
   5.3665462084528152E-002   4.5919095651749606E-002
   5.3771350391200658E-002   4.5995236869402510E-002
   5.3879212135907788E-002   4.6058644105973393E-002
   5.3990695608834190E-002   4.6096018942502447E-002
   5.4099652802146771E-002   4.6115074866347576E-002
   5.4204858454547589E-002   4.6138551812174723E-002
   5.4308488493077428E-002   4.6178433920606138E-002
   5.4412747040781209E-002   4.6228693191694023E-002
   5.4519619746117853E-002   4.6274290943616257E-002
   5.4630099800787493E-002   4.6312578484695076E-002
   5.4735580914774214E-002   4.6359387046779062E-002
   5.4837946320594265E-002   4.6432563454742663E-002
   5.4939420494813165E-002   4.6531064268434182E-002
   5.5042172296942873E-002   4.6634912097411878E-002
   5.5148048114540570E-002   4.6718901618960744E-002
   5.5254995025231325E-002   4.6777029104973590E-002
   5.5357351166516612E-002   4.6829914125437737E-002
   5.5457161021079678E-002   4.6899677976258290E-002
   5.5556629336218077E-002   4.6988011326828436E-002
   5.5657877502180958E-002   4.7078360004989606E-002
   5.5762615499061668E-002   4.7154721882497808E-002
   5.5866364509602133E-002   4.7222376160945656E-002
   5.5965882815848460E-002   4.7304794025276146E-002
   5.6063302377521093E-002   4.7416769204619916E-002
   5.6160800574736436E-002   4.7551556012976344E-002
   5.6260448511067832E-002   4.7685869919462998E-002
   5.6363838727048449E-002   4.7802433719455605E-002
   5.6464685835991804E-002   4.7905286724695101E-002
   5.6561588394349202E-002   4.8017446836063828E-002
   5.6656710464425539E-002   4.8150812152550133E-002
   5.6752201007450792E-002   4.8296823873983118E-002
   5.6850085531986144E-002   4.8432600011492355E-002
   5.6951869045123435E-002   4.8545884707155040E-002
   5.7050095475273802E-002   4.8648573062156503E-002
   5.7144562838860526E-002   4.8771351819898993E-002
   5.7237435562439515E-002   4.8927312601366943E-002
   5.7330832597575952E-002   4.9105127518128469E-002
   5.7426743378195914E-002   4.9277799906954127E-002
   5.7526622895418406E-002   4.9429927009780820E-002
   5.7622508882908909E-002   4.9568042502611001E-002
   5.7714697844286678E-002   4.9721536266615338E-002
   5.7805337195067183E-002   4.9901286945828627E-002
   5.7896514816853872E-002   5.0093613855054432E-002
   5.7990195382494010E-002   5.0269142248729741E-002
   5.8087829963451229E-002   5.0410487176615316E-002
   5.8181683013787761E-002   5.0526938930040385E-002
   5.8271760172831172E-002   5.0653485018801812E-002
   5.8360180742348430E-002   5.0805623655379231E-002
   5.8449001431019658E-002   5.0971282049564914E-002
   5.8540168353990694E-002   5.1119105952418559E-002
   5.8635181780328220E-002   5.1226652127161786E-002
   5.8727361554264897E-002   5.1303802008327980E-002
   5.8815535244976964E-002   5.1387972029381813E-002
   5.8901783712558199E-002   5.1498672517539028E-002
   5.8988133214758764E-002   5.1625811037185824E-002
   5.9076507039302013E-002   5.1736512962659825E-002
   5.9168502895921703E-002   5.1801830651882604E-002
   5.9259441062502867E-002   5.1829246879008570E-002
   5.9345995142093620E-002   5.1858844354921205E-002
   5.9430192013253592E-002   5.1916695206707608E-002
   5.9514028960084536E-002   5.1997997971734246E-002
   5.9599400420312164E-002   5.2071993478909409E-002
   5.9688005793312980E-002   5.2103912748582948E-002
   5.9778215374422176E-002   5.2091639273898566E-002
   5.9863541348263709E-002   5.2076992841036084E-002
   5.9945926897126453E-002   5.2098129752143521E-002
   6.0027341168697498E-002   5.2163216366978418E-002
   6.0109656379196484E-002   5.2250161929101646E-002
   6.0194605946117377E-002   5.2323050014588250E-002
   6.0283532487455563E-002   5.2365379588377454E-002
   6.0368142524206719E-002   5.2400056377104889E-002
   6.0449094140518904E-002   5.2467305316310005E-002
   6.0528316715340313E-002   5.2583412230321994E-002
   6.0607662873075077E-002   5.2730134590674001E-002
   6.0688845792287650E-002   5.2867337958256939E-002
   6.0773420795730164E-002   5.2958891524001503E-002
   6.0858084361185623E-002   5.3004290807793022E-002
   6.0938235797606669E-002   5.3043896691047969E-002
   6.1015742109045375E-002   5.3115355971980228E-002
   6.1092428761190108E-002   5.3224413020687769E-002
   6.1170012018507365E-002   5.3344112830813369E-002
   6.1250058322117475E-002   5.3434350719906543E-002
   6.1333914198215933E-002   5.3475074529202853E-002
   6.1414082190767064E-002   5.3491406180445969E-002
   6.1490577593117601E-002   5.3534399249212564E-002
   6.1565173410143635E-002   5.3633606890948628E-002
   6.1639582018044918E-002   5.3778089100298618E-002
   6.1715357998251355E-002   5.3931625992712548E-002
   6.1793967356274800E-002   5.4055829128744175E-002
   6.1875288307371587E-002   5.4142444658725468E-002
   6.1951761724600103E-002   5.4223714343028341E-002
   6.2025158061719633E-002   5.4348587064700325E-002
   6.2097140358450535E-002   5.4537084299421043E-002
   6.2169300823924106E-002   5.4766163755200090E-002
   6.2243031106285915E-002   5.4992909261142656E-002
   6.2319716919929297E-002   5.5178872131907232E-002
   6.2397534119729779E-002   5.5316212878045425E-002
   6.2470941825154988E-002   5.5438114491842536E-002
   6.2541623578706088E-002   5.5594019991891071E-002
   6.2611119782971458E-002   5.5800733149650131E-002
   6.2680901396243854E-002   5.6030191489769864E-002
   6.2752211661628685E-002   5.6236869826534815E-002
   6.2826351385225965E-002   5.6381710059882711E-002
   6.2901390695905710E-002   5.6460059636929544E-002
   6.2972238239306644E-002   5.6514547502398829E-002
   6.3040491548617489E-002   5.6599926490543524E-002
   6.3107560073958999E-002   5.6736247424934466E-002
   6.3174803607097582E-002   5.6894804456661202E-002
   6.3243327382684247E-002   5.7030351130981420E-002
   6.3314302190049243E-002   5.7104434148827793E-002
   6.3387222275251537E-002   5.7111081986309452E-002
   6.3455941851302697E-002   5.7092553324344639E-002
   6.3522028629632854E-002   5.7106463974076198E-002
   6.3586747142665212E-002   5.7185936649532795E-002
   6.3651355405841201E-002   5.7314210653758482E-002
   6.3716844222655042E-002   5.7457501624447266E-002
   6.3784173461784818E-002   5.7596699505289908E-002
   6.3854519235341328E-002   5.7741506615371800E-002
   6.3921583121323886E-002   5.7908058875626764E-002
   6.3985834841811390E-002   5.8120752451766990E-002
   6.4048417884336364E-002   5.8396125285276802E-002
   6.4110448684578838E-002   5.8711718785992600E-002
   6.4172862876005626E-002   5.9015985495400221E-002
   6.4236377286097365E-002   5.9266081670708751E-002
   6.4301942223287334E-002   5.9439245683819614E-002
   6.4367938838990404E-002   5.9537494230950151E-002
   6.4430741565836031E-002   5.9596968191189773E-002
   6.4491570988158650E-002   5.9677515777346798E-002
   6.4551292318523537E-002   5.9809099801553724E-002
   6.4610832180281560E-002   5.9964827502566750E-002
   6.4670762815371832E-002   6.0098249138669381E-002
   6.4731619201656265E-002   6.0179894975719329E-002
   6.4794317925790587E-002   6.0201946279542388E-002
   6.4856157445867216E-002   6.0176419498714231E-002
   6.4915650749985648E-002   6.0141823901700170E-002
   6.4973647808653792E-002   6.0153364873033285E-002
   6.5030783305563250E-002   6.0227538443487855E-002
   6.5087723746349788E-002   6.0323582627979599E-002
   6.5144727578343359E-002   6.0394798903373424E-002
   6.5202057999227125E-002   6.0422619342445326E-002
   6.5260448132371043E-002   6.0410699673332680E-002
   6.5318840729224004E-002   6.0363299408268144E-002
   6.5375542472617801E-002   6.0304260778253273E-002
   6.5431110939183260E-002   6.0286293254766254E-002
   6.5485833594695675E-002   6.0332003145645172E-002
   6.5540134351499996E-002   6.0401691769279342E-002
   6.5593953531435281E-002   6.0448233393613195E-002
   6.5647130765565540E-002   6.0459882272566344E-002
   6.5699856913361332E-002   6.0460666631780485E-002
   6.5753590848746560E-002   6.0452973694116327E-002
   6.5807392344699872E-002   6.0420347133081885E-002
   6.5860774592130952E-002   6.0387964051093181E-002
   6.5913438992037540E-002   6.0404653369929236E-002
   6.5965434579889279E-002   6.0457688516352283E-002
   6.6016466756163086E-002   6.0492756928707821E-002
   6.6065836490231081E-002   6.0491696161166779E-002
   6.6112821642757572E-002   6.0495821881142497E-002
   6.6157678288580213E-002   6.0550074838775593E-002
   6.6202754399437180E-002   6.0640508372460704E-002
   6.6251983969287956E-002   6.0706448490022991E-002
   6.6302619555372047E-002   6.0724205541370875E-002
   6.6353154361007194E-002   6.0752722118048420E-002
   6.6402892514122486E-002   6.0791112853968932E-002
   6.6450862614678127E-002   6.0785068039977755E-002
   6.6495500505541288E-002   6.0743157575733328E-002
   6.6535168702032715E-002   6.0726744120031442E-002
   6.6570032848913149E-002   6.0779008001404553E-002
   6.6602027328286878E-002   6.0930075615977373E-002
   6.6634077018695864E-002   6.1199601444602070E-002
   6.6670007558525105E-002   6.1529286710632312E-002
   6.6714950694129249E-002   6.1791609650626807E-002
   6.6764282439845390E-002   6.1932618349790677E-002
   6.6813767594734466E-002   6.1990997370067996E-002
   6.6861217096091913E-002   6.1934567921816029E-002
   6.6903379820384218E-002   6.1821997249366066E-002
   6.6937371076224925E-002   6.1735998905655787E-002
   6.6963370385091384E-002   6.1679681024898646E-002
   6.6982888295787413E-002   6.1642857211271072E-002
   6.6997468636100482E-002   6.1622224667025161E-002
   6.7008409662108345E-002   6.1626159031505631E-002
   6.7016777347565545E-002   6.1684442630195437E-002
   6.7023507239799343E-002   6.1849375184445686E-002
   6.7029535554762071E-002   6.2166526247216657E-002
   6.7035892129763019E-002   6.2649656473398915E-002
   6.7043752222775421E-002   6.3288243695191385E-002
   6.7054663991297794E-002   6.4060652376482591E-002
   6.7071156564353848E-002   6.4937712136432263E-002
   6.7097944656621306E-002   6.5815344045786678E-002
   6.7144431528782217E-002   6.6453574484315381E-002
   6.7201519768561452E-002   6.6505880969258413E-002
   6.7255072699778595E-002   6.6360349012484818E-002
   6.7294198359730578E-002   6.6776297505019566E-002
   6.7325869578738068E-002   6.7605236611149200E-002
   6.7368576892545842E-002   6.8513202247134170E-002
   6.7439585316781708E-002   6.8977905771735293E-002
   6.7516374224506695E-002   6.8808810648285063E-002
   6.7576320487014507E-002   6.9181926945240946E-002
   6.7623589736760123E-002   7.0037417811577685E-002
   6.7691903677392321E-002   7.0817749358908444E-002
   6.7777320074327629E-002   7.0758647641123801E-002
   6.7848917685720350E-002   7.1071196088406161E-002
   6.7903805333601935E-002   7.1856689210662100E-002
   6.7980851855951652E-002   7.2443677550431559E-002
   6.8069320392613833E-002   7.2286528666168512E-002
   6.8137022190144905E-002   7.2738088874449200E-002
   6.8198386144094861E-002   7.3513603580975778E-002
   6.8286268979240894E-002   7.3588261700262322E-002
   6.8370353167023723E-002   7.3679777599047314E-002
   6.8431953316543698E-002   7.4300995594750271E-002
   6.8512286309896753E-002   7.4770966208424008E-002
   6.8603625114158712E-002   7.4611065660069767E-002
   6.8671308846725690E-002   7.5062331142136854E-002
   6.8743370650172816E-002   7.5702054429629045E-002
   6.8836600325981795E-002   7.5449265029479962E-002
   6.8910967051495270E-002   7.5763534112878034E-002
   6.8979335580729190E-002   7.6414361181227075E-002
   6.9073262981116657E-002   7.6166967413998116E-002
   6.9152635159010933E-002   7.6391194775780324E-002
   6.9221051432598532E-002   7.6995310677351270E-002
   6.9315946773512910E-002   7.6733381117871383E-002
   6.9396794663012434E-002   7.6928744729133414E-002
   6.9466705597890629E-002   7.7499621900357557E-002
   6.9563138493259277E-002   7.7194207533317238E-002
   6.9642376123625463E-002   7.7400392707017027E-002
   6.9714736128659083E-002   7.7942411520497815E-002
   6.9812806289158827E-002   7.7661537331556466E-002
   6.9888670486316432E-002   7.7899399588720122E-002
   6.9966655210386475E-002   7.8337014875713915E-002
   7.0065780019290369E-002   7.8280567323977576E-002
   7.0139064338037599E-002   7.8612405077428685E-002
   7.0230980495883957E-002   7.8683998231745489E-002
   7.0325018824086399E-002   7.8891961482178891E-002
   7.0398471786572089E-002   7.9409568468287950E-002
   7.0501373832671174E-002   7.9263254650166121E-002
   7.0580646351480897E-002   7.9497856210484011E-002
   7.0665302726160437E-002   7.9818134723759468E-002
   7.0766007553946506E-002   8.0131843657558960E-002
   7.0840765941581438E-002   8.0656850471327118E-002
   7.0947486611790192E-002   8.0676570390133567E-002
   7.1027605150929596E-002   8.0954298669961414E-002
   7.1117728231933866E-002   8.1196733576736416E-002
   7.1217133416868125E-002   8.1614653030731163E-002
   7.1295311530018529E-002   8.2219612197842379E-002
   7.1404590934655635E-002   8.2735564060205616E-002
   7.1481524527552104E-002   8.3272684506458541E-002
   7.1590286582967691E-002   8.3538314947183848E-002
   7.1671458427708140E-002   8.3922390481323703E-002
   7.1765556971197880E-002   8.4232546578256587E-002
   7.1860019108812095E-002   8.4724392640578974E-002
   7.1942059427606231E-002   8.5359416171631286E-002
   7.2053792779639747E-002   8.6152879003906016E-002
   7.2134744600141618E-002   8.6807224798041246E-002
   7.2253841954622491E-002   8.7683212791707779E-002
   7.2335930679125957E-002   8.8258025617195618E-002
   7.2456099383529246E-002   8.9056248635549423E-002
   7.2539588254391135E-002   8.9544972765207426E-002
   7.2656860032706383E-002   9.0200856937966437E-002
   7.2741679852207142E-002   9.0604738734741092E-002
   7.2854984606948239E-002   9.1109856701951888E-002
   7.2941169508162707E-002   9.1426070196178849E-002
   7.3050391368200546E-002   9.1786784553352832E-002
   7.3137916908970105E-002   9.2015237441752190E-002
   7.3243376898539644E-002   9.2257662549623323E-002
   7.3332178051319905E-002   9.2423286451251960E-002
   7.3428027667049686E-002   9.2647114353241217E-002
   7.3497701010382735E-002   9.2981794577149918E-002
   7.3548868895241731E-002   9.2890003101135626E-002
   7.3590210541365442E-002   9.3233446361631778E-002
   7.3631962293054021E-002   9.4020420395165422E-002
   7.3685589273215460E-002   9.4626037018890316E-002
   7.3764765218245432E-002   9.5159879504469039E-002
   7.3839161392682082E-002   9.5725575950223823E-002
   7.3950495959841378E-002   9.6456123863639470E-002
   7.4031272205841339E-002   9.6816354545705807E-002
   7.4150524997222730E-002   9.7496146558426824E-002
   7.4235776529754105E-002   9.7753629021824981E-002
   7.4349212264647843E-002   9.8030159269626826E-002
   7.4441881800042450E-002   9.8081565155207037E-002
   7.4538030504694638E-002   9.8081390899559973E-002
   7.4634422116036006E-002   9.8083504068912294E-002
   7.4722548106344044E-002   9.8034749212796854E-002
   7.4823026230728160E-002   9.8073764804760322E-002
   7.4906812817602711E-002   9.8040629442892241E-002
   7.5012623819268709E-002   9.8238049621326665E-002
   7.5093753364280619E-002   9.8299603992097445E-002
   7.5207764472121547E-002   9.8795609026431072E-002
   7.5290718757464570E-002   9.9008234526988190E-002
   7.5409500371829585E-002   9.9413049085170860E-002
   7.5504302850604485E-002   9.9559112956366422E-002
   7.5597063234065287E-002   9.9670708784251286E-002
   7.5697880380516225E-002  0.10000666500577467     
   7.5780910541665567E-002  0.10019883482678936     
   7.5890304560622499E-002  0.10089619146376641     
   7.5971938049293350E-002  0.10123583767167305     
   7.6095467821032756E-002  0.10193833641126426     
   7.6191542820288477E-002  0.10230795496738043     
   7.6282470332696570E-002  0.10274830828239269     
   7.6386384226450332E-002  0.10374215861678046     
   7.6467755265092766E-002  0.10432020847206834     
   7.6584612180071135E-002  0.10549547287222713     
   7.6672862015311399E-002  0.10600847476643169     
   7.6776985541716761E-002  0.10643453704096609     
   7.6878196518299483E-002  0.10695394375655679     
   7.6961185537015905E-002  0.10720482593568843     
   7.7075031697394797E-002  0.10810273154177613     
   7.7161200888106143E-002  0.10845134104153217     
   7.7269376461380337E-002  0.10872991666280574     
   7.7371477762995924E-002  0.10911246924301317     
   7.7454112788788637E-002  0.10922444416128284     
   7.7570910587982392E-002  0.10990817033913351     
   7.7661489218958032E-002  0.11005426196160920     
   7.7759645503112471E-002  0.11001980548100350     
   7.7865073748640559E-002  0.11047836321776143     
   7.7947027639429706E-002  0.11059912240611630     
   7.8069354349320746E-002  0.11093341719974836     
   7.8171936638206582E-002  0.11119834023928017     
   7.8254964968192439E-002  0.11121279253427510     
   7.8374272843890661E-002  0.11179131325761230     
   7.8470435734402627E-002  0.11195799246802217     
   7.8558790066511147E-002  0.11188984302867608     
   7.8670920436266181E-002  0.11254645563961549     
   7.8758506965828881E-002  0.11267919506973689     
   7.8861269235513135E-002  0.11266205624487473     
   7.8968824762636641E-002  0.11342557570125385     
   7.9052567561116144E-002  0.11387409207128919     
   7.9165417578610245E-002  0.11443305881217208     
   7.9272143516868496E-002  0.11526188026928337     
   7.9355569468120085E-002  0.11550473380636073     
   7.9464334454437971E-002  0.11581520036668085     
   7.9553283788806078E-002  0.11607201797154038     
   7.9629596066053243E-002  0.11629715850042932     
   7.9702106562879585E-002  0.11662155266352633     
   7.9781292910146268E-002  0.11709124037257336     
   7.9880099877352229E-002  0.11822415993336477     
   7.9963198667355628E-002  0.11881869912657210     
   8.0074870717069160E-002  0.11937084823436932     
   8.0184272760896763E-002  0.12035559541813672     
   8.0270637700380357E-002  0.12063973177791358     
   8.0374982100678033E-002  0.12072904949505317     
   8.0485709273909994E-002  0.12149169780020985     
   8.0574559226074191E-002  0.12166120855854437     
   8.0672578876789761E-002  0.12166045010592179     
   8.0785174788615133E-002  0.12269397912157975     
   8.0877473033621000E-002  0.12334835055533024     
   8.0968907763841233E-002  0.12381542354465762     
   8.1084413886502366E-002  0.12524638179495265     
   8.1182091828352981E-002  0.12613202722715325     
   8.1267135669948615E-002  0.12642729986553097     
   8.1389200961348648E-002  0.12715950337582779     
   8.1498268622253414E-002  0.12806356763868010     
   8.1585667322467317E-002  0.12824780646326175     
   8.1685895677558837E-002  0.12819026706851916     
   8.1799897941493213E-002  0.12883470388598378     
   8.1896723806924004E-002  0.12905876028037874     
   8.1981998207717399E-002  0.12888502199950158     
   8.2105034155590784E-002  0.12903846923459233     
   8.2217745976019413E-002  0.12958939753285431     
   8.2311178023155018E-002  0.12959821473031929     
   8.2399496587878401E-002  0.12931042750085128     
   8.2484041213769496E-002  0.12961494896926207     
   8.2553914568170739E-002  0.12983397937508850     
   8.2616646115300049E-002  0.13009688082837528     
   8.2681046217647644E-002  0.13057530971921313     
   8.2757592797727736E-002  0.13125739839642581     
   8.2837762289046074E-002  0.13193083623296603     
   8.2929186737645350E-002  0.13287444651149277     
   8.3028843989405521E-002  0.13426808550635699     
   8.3112856216541964E-002  0.13478680095110204     
   8.3222389341033529E-002  0.13511140919782227     
   8.3339495676794675E-002  0.13588537158699793     
   8.3444395911653257E-002  0.13666988862324170     
   8.3530358522948780E-002  0.13675752700906119     
   8.3632403576214251E-002  0.13665213435043108     
   8.3715925510665243E-002  0.13718682972812876     
   8.3777567998864613E-002  0.13768086318009556     
   8.3829723635582123E-002  0.13804150440708141     
   8.3887870480694654E-002  0.13876248814758330     
   8.3969611245214390E-002  0.13999670136628345     
   8.4051144501243361E-002  0.14083440482063178     
   8.4168942055485627E-002  0.14175350581249663     
   8.4287948116318276E-002  0.14283166989335422     
   8.4397321392247565E-002  0.14420034321727901     
   8.4489444886005752E-002  0.14511011766759779     
   8.4577750191858286E-002  0.14577024034449249     
   8.4682323901871429E-002  0.14708377707381329     
   8.4787936912350648E-002  0.14855842771068192     
   8.4877037125481294E-002  0.14903047116554724     
   8.4970145701566205E-002  0.14902083253027920     
   8.5092205731013545E-002  0.14936436642407019     
   8.5210988471630889E-002  0.14981432773839318     
   8.5321514831732795E-002  0.15037129209780717     
   8.5417097239064058E-002  0.15046055147132106     
   8.5501799456507863E-002  0.15004315388507641     
   8.5616813575448203E-002  0.14957166008296816     
   8.5738454286356749E-002  0.14939059122157844     
   8.5856480067940846E-002  0.14959860427295044     
   8.5966748950529831E-002  0.15023538194854477     
   8.6063378817335015E-002  0.15054212813999926     
   8.6147719922369068E-002  0.15020867151087058     
   8.6258335543940814E-002  0.14973429399265104     
   8.6381134833883821E-002  0.14990527779233787     
   8.6502966780344456E-002  0.15115485067633022     
   8.6621501593534753E-002  0.15318150778443221     
   8.6734319436775162E-002  0.15513644526276363     
   8.6837094809237209E-002  0.15669805371838849     
   8.6924980312717878E-002  0.15726969692705453     
   8.7018150504098779E-002  0.15740458658994419     
   8.7139390948059114E-002  0.15789503282332445     
   8.7264949021893967E-002  0.15842063878819213     
   8.7389685155531582E-002  0.15904491915140773     
   8.7509000030661976E-002  0.15987045296564931     
   8.7631826217103054E-002  0.16070707259734146     
   8.7754403102381681E-002  0.16130600107739368     
   8.7876328236791840E-002  0.16173028275450310     
   8.7997166944015881E-002  0.16204379080509593     
   8.8116421883049689E-002  0.16228386029871578     
   8.8233173766458339E-002  0.16250545345176240     
   8.8345721841309607E-002  0.16280920984968880     
   8.8450837499988444E-002  0.16329199027149227     
   8.8543611051072890E-002  0.16354258075493772     
   8.8629193380243776E-002  0.16354443244323705     
   8.8739655876094781E-002  0.16398221547163777     
   8.8861570291035447E-002  0.16504876944803568     
   8.8982681715434928E-002  0.16617876923181873     
   8.9103164290441475E-002  0.16697745094202193     
   8.9223826214180776E-002  0.16731073837497099     
   8.9344528123793385E-002  0.16727706656160488     
   8.9465212583375558E-002  0.16701074163867249     
   8.9585892941437525E-002  0.16661183613734465     
   8.9702632133257340E-002  0.16626862180936278     
   8.9786293539781445E-002  0.16656274790302003     
   8.9853442072941506E-002  0.16671231588043950     
   8.9929340689079443E-002  0.16666200249676624     
   9.0041683400818973E-002  0.16704856755281547     
   9.0153529669185564E-002  0.16748391887629921     
   9.0259393704996124E-002  0.16817165086857458     
   9.0354503733783995E-002  0.16871273330929937     
   9.0439523040904565E-002  0.16854770858383214     
   9.0542091748253270E-002  0.16809406598476978     
   9.0660786740123650E-002  0.16808538775887821     
   9.0755902766617644E-002  0.16869965117232763     
   9.0829061110110562E-002  0.16953250032376049     
   9.0884018521433657E-002  0.17016645397214955     
   9.0924793637646079E-002  0.17052029257338291     
   9.0954841121415844E-002  0.17104553237787515     
   9.0976901674427596E-002  0.17164849146230959     
   9.0993069029568108E-002  0.17198706952043466     
   9.1004912205316493E-002  0.17214286235971885     
   9.1013596737948427E-002  0.17221753383329691     
   9.1019988944199312E-002  0.17225572797044506     
   9.1024743037880870E-002  0.17228660447149746     
   9.1028376727667434E-002  0.17233683979918824     
   9.1031339606227002E-002  0.17243072232433920     
   9.1034065642899911E-002  0.17258021288658473     
   9.1036989841252539E-002  0.17278377028405142     
   9.1040559021399944E-002  0.17303182324756233     
   9.1045316324368478E-002  0.17330909750084653     
   9.1052080785626266E-002  0.17360274330476710     
   9.1062247870018362E-002  0.17408271168291467     
   9.1078342787996452E-002  0.17508196205425267     
   9.1105132754323012E-002  0.17633930824318797     
   9.1151975425545845E-002  0.17715614109463984     
   9.1237961278443983E-002  0.17791715987558643     
   9.1358149499943336E-002  0.17895278089255881     
   9.1484748648360162E-002  0.17941327830571149     
   9.1601846369657722E-002  0.17938208190834945     
   9.1718250284243144E-002  0.17919037735596294     
   9.1816362118865250E-002  0.17918668208538654     
   9.1895738301952953E-002  0.17954376857949417     
   9.1962169051817227E-002  0.17952156241940243     
   9.2020715950937831E-002  0.17955431277637640     
   9.2076449361546214E-002  0.17962988369029953     
   9.2134336480357557E-002  0.17973128672282149     
   9.2196895148020985E-002  0.17983206848736633     
   9.2263576567496425E-002  0.17993225439529628     
   9.2333973963880309E-002  0.18039057506025438     
   9.2408977101150994E-002  0.18087604636345350     
   9.2490034396032372E-002  0.18191808251277936     
   9.2578996215635576E-002  0.18304209348487260     
   9.2663889316869044E-002  0.18325152060310168     
   9.2762101834514540E-002  0.18295421467188250     
   9.2877375201013981E-002  0.18275242038229222     
   9.2993478827675488E-002  0.18266559908039931     
   9.3108517823167800E-002  0.18270304224494394     
   9.3214456815053567E-002  0.18278337687055707     
   9.3307386089321362E-002  0.18305115252109172     
   9.3383416761821297E-002  0.18327290008700037     
   9.3442237163348804E-002  0.18319426370297298     
   9.3486774753903462E-002  0.18291904477868207     
   9.3520334434288033E-002  0.18295270810422068     
   9.3545804687198239E-002  0.18309836947212862     
   9.3565642819772990E-002  0.18307474955930286     
   9.3582093578257877E-002  0.18305078235737146     
   9.3597456602753162E-002  0.18310685440788288     
   9.3614242585912000E-002  0.18344307554731532     
   9.3635337466226376E-002  0.18421683322974156     
   9.3664679939006637E-002  0.18505370651219952     
   9.3708803364983523E-002  0.18544534754384459     
   9.3779808840750989E-002  0.18568715503307018     
   9.3896288232470565E-002  0.18602290926809345     
   9.4019940103847108E-002  0.18589869612380949     
   9.4136059286277843E-002  0.18584899441095193     
   9.4251057307247463E-002  0.18672783614389851     
   9.4343332533116414E-002  0.18833464529331814     
   9.4456638047031791E-002  0.19034648828421627     
   9.4572330539811872E-002  0.19177052630922015     
   9.4690357814040629E-002  0.19265864627350476     
   9.4811987752155200E-002  0.19288157313374724     
   9.4936145726933860E-002  0.19288212484814984     
   9.5049047318331567E-002  0.19324273166898381     
   9.5161272614433634E-002  0.19363237089367832     
   9.5274536044868019E-002  0.19358923283259016     
   9.5387800826699329E-002  0.19324277918362306     
   9.5501165059329582E-002  0.19299390772786035     
   9.5614725676494206E-002  0.19337625073585687     
   9.5728476763659462E-002  0.19432902033378086     
   9.5842420090007874E-002  0.19517537446414854     
   9.5956564300844510E-002  0.19551040623246185     
   9.6070918003792388E-002  0.19536464269949472     
   9.6185490743015120E-002  0.19514447336396326     
   9.6300293523766178E-002  0.19550940562926739     
   9.6415338792773975E-002  0.19597675624922489     
   9.6530640477947169E-002  0.19577027663508231     
   9.6646214030624164E-002  0.19508541037048804     
   9.6738880420557727E-002  0.19483614934801222     
   9.6810023272789439E-002  0.19521703412911950     
   9.6866187752324251E-002  0.19568937603579437     
   9.6913810560997668E-002  0.19612130162293301     
   9.6959893328627478E-002  0.19694373231879964     
   9.7012452455249032E-002  0.19761065515668422     
   9.7081301863909231E-002  0.19819330179078429     
   9.7171325048974008E-002  0.20024865104041215     
   9.7253741517320219E-002  0.20133879087144846     
   9.7341655560787624E-002  0.20109625912141313     
   9.7452507792941692E-002  0.20109115155310192     
   9.7569116705109329E-002  0.20138088627794326     
   9.7684563385408887E-002  0.20131465532389464     
   9.7800266307189201E-002  0.20096083887802135     
   9.7914235474673567E-002  0.20052193109918845     
   9.8022293068847632E-002  0.20054783136468332     
   9.8126358615091128E-002  0.20148757633284683     
   9.8226828071895783E-002  0.20300417522819705     
   9.8321695355611208E-002  0.20450064762031750     
   9.8402252004779200E-002  0.20420477951585117     
   9.8492713477217095E-002  0.20288615524716619     
   9.8606121573031960E-002  0.20264784538660643     
   9.8716647228811835E-002  0.20332369518134555     
   9.8823120925215668E-002  0.20451424745978020     
   9.8927000231166226E-002  0.20610552282113487     
   9.9028358248830106E-002  0.20800591639385002     
   9.9125985031812566E-002  0.20989579989870463     
   9.9213752583387146E-002  0.21040993553253906     
   9.9294898682631139E-002  0.21005078808517982     
   9.9409746548753369E-002  0.20974205265567397     
   9.9522987674829727E-002  0.20907262878576580     
   9.9637043521921834E-002  0.20785689395513929     
   9.9744502184099734E-002  0.20686504997316382     
   9.9847156412977242E-002  0.20694538897009102     
   9.9945847995591752E-002  0.20791091875399473     
  0.10002367273724611       0.20861396665647108     
  0.10008181297198639       0.20846952814192488     
  0.10012536257799036       0.20785456907422664     
  0.10015855290133879       0.20787232752443713     
  0.10018509317873069       0.20812184881097448     
  0.10020871746805397       0.20799984059285995     
  0.10023359562697103       0.20774234156791643     
  0.10026453699456653       0.20829590921378391     
  0.10030791508112517       0.20987247887074914     
  0.10035424613485650       0.21106137381679357     
  0.10042621770690567       0.21289354866315768     
  0.10051769416134884       0.21525492464744159     
  0.10062333687817035       0.21756181304252309     
  0.10072576150716063       0.21938707018530890     
  0.10082799309739063       0.22108821509747278     
  0.10092420510104221       0.22269901884099916     
  0.10101241698809713       0.22349020354318494     
  0.10110036776485656       0.22355557994910186     
  0.10120449276355926       0.22380604393214384     
  0.10131487507793073       0.22392810926118209     
  0.10142465728626548       0.22353581470707976     
  0.10153466104751782       0.22318008350309404     
  0.10163941779376470       0.22302276919114827     
  0.10173917620321830       0.22303552308301161     
  0.10183488666126123       0.22373311768599333     
  0.10192585349021900       0.22540077498851521     
  0.10200616617712907       0.22594199634118178     
  0.10207387231406312       0.22584590118117315     
  0.10218147267622127       0.22686374395391284     
  0.10228420966412471       0.22790890599752264     
  0.10238498046236981       0.22897840935006056     
  0.10248450550073533       0.23019526942678512     
  0.10258309281754326       0.23156945331509360     
  0.10267717454524469       0.23308850372682510     
  0.10276453798352239       0.23361069479454349     
  0.10285129869724456       0.23304377073686952     
  0.10295634713774880       0.23211750332741068     
  0.10306458092999418       0.23094051049700404     
  0.10317185911867111       0.22969516442978360     
  0.10327814559768718       0.22864719114522572     
  0.10337660021180659       0.22810904743470412     
  0.10347166796918676       0.22864205584448644     
  0.10356245483782249       0.23060524517908390     
  0.10364620572566907       0.23261192821584384     
  0.10371265784074318       0.23287864336960026     
  0.10381054079277931       0.23285788364612539     
  0.10391444369727654       0.23399397470516178     
  0.10401251433412383       0.23526627040531367     
  0.10410790422368334       0.23693733214119428     
  0.10419994836552166       0.23932456014216910     
  0.10428500279839902       0.24132915750456374     
  0.10435451645014875       0.24198874359913336     
  0.10446497333872294       0.24192171514422212     
  0.10457372047308787       0.24119393639031447     
  0.10467202887346604       0.24035081681625256     
  0.10476723556264575       0.23991288210607825     
  0.10485851603315406       0.24066122968467404     
  0.10494487360187195       0.24262968974293944     
  0.10501985925461786       0.24293993178968989     
  0.10508631734586893       0.24247478887235183     
  0.10518639509568820       0.24334655975172323     
  0.10528104036005324       0.24476203491554896     
  0.10537289176840400       0.24699522603074670     
  0.10545942008820454       0.24911433471220779     
  0.10553184615967875       0.24921934660738446     
  0.10563292977292806       0.24786840520114944     
  0.10572840507900171       0.24690273091397894     
  0.10581507389491164       0.24659798037223490     
  0.10590060123640437       0.24763746373715875     
  0.10599219780187046       0.25027894137732010     
  0.10607489108446912       0.25195814268348771     
  0.10614558946982598       0.25210455816480559     
  0.10625843569546126       0.25143079526991052     
  0.10636427874213192       0.25001598687432408     
  0.10646019852274644       0.24899107272679780     
  0.10655371187834418       0.24882624155676900     
  0.10664370171043042       0.24934667031957447     
  0.10672919714103225       0.25068958596406832     
  0.10680546577289367       0.25109041660974080     
  0.10686618951069644       0.25070622501803147     
  0.10696010200645228       0.25130786876937472     
  0.10704559014465959       0.25312612483649544     
  0.10710775719788559       0.25358050227522644     
  0.10715322622387283       0.25398709309636208     
  0.10719084073960686       0.25472205139098442     
  0.10723096389047858       0.25566925261584439     
  0.10728420801744809       0.25702460544913547     
  0.10736271271866769       0.25835316999843516     
  0.10746049405521667       0.26089499032715358     
  0.10755667356241588       0.26405817888142630     
  0.10765220566703293       0.26763024317508766     
  0.10774787129381377       0.27073484941169706     
  0.10784114788730634       0.27274739471102982     
  0.10793108848480376       0.27374538285767658     
  0.10801812979024747       0.27395719360435861     
  0.10810702407730714       0.27362989950378702     
  0.10820241004544366       0.27277564686066724     
  0.10830101701434085       0.27182314137462454     
  0.10839566067074469       0.27146656849306433     
  0.10848735469503751       0.27166159998999034     
  0.10859839818883130       0.27172769121718759     
  0.10869914404068647       0.27077977007125797     
  0.10879840939157280       0.26882069897138700     
  0.10889254993588682       0.26692433133689503     
  0.10897797129473251       0.26652286336952763     
  0.10906873887556746       0.26792976292818421     
  0.10915489122260225       0.27044887833339520     
  0.10923460335579881       0.27248666977815184     
  0.10929847257250219       0.27238765961781830     
  0.10939502926764849       0.27071925904389987     
  0.10949234650499097       0.26961956607792814     
  0.10956160604586489       0.27058041221609247     
  0.10963289720027461       0.27202037961813175     
  0.10969561742409169       0.27192163547851006     
  0.10979044428818294       0.27140813028121236     
  0.10987262546143597       0.27212511514443599     
  0.10993520920592063       0.27273164007532524     
  0.11000063501045418       0.27229196125591754     
  0.11007014436734176       0.27260703536616077     
  0.11012512213509380       0.27290828962361413     
  0.11016545866315326       0.27360012711268156     
  0.11021396917841050       0.27432086858057314     
  0.11029282108952873       0.27377263315648021     
  0.11038262813214271       0.27429505678656574     
  0.11046291372694592       0.27591912930589679     
  0.11053790436140316       0.27709051424647207     
  0.11059671406366087       0.27712189119305203     
  0.11064308569169355       0.27770967395943863     
  0.11068043610470167       0.27843905396724172     
  0.11072363557916624       0.27815778017931964     
  0.11076830217343192       0.27781523703599342     
  0.11080632937966413       0.27772555400639409     
  0.11083346808078098       0.27765426952182498     
  0.11085708638952625       0.27870519908672475     
  0.11089034617437533       0.28035508806665421     
  0.11094870184991272       0.28212941238643913     
  0.11102514419468773       0.28323290904267945     
  0.11108879951168764       0.28314921927089021     
  0.11118905503191774       0.28349133359040563     
  0.11128314575632227       0.28365188246685974     
  0.11135648148363511       0.28511473601126219     
  0.11140169316998960       0.28566171029289089     
  0.11144986433127274       0.28610885882981529     
  0.11150210090388660       0.28630015735602210     
  0.11154823812644749       0.28667035402974500     
  0.11158137424033417       0.28765607312044461     
  0.11160948220144343       0.28790018097376380     
  0.11164803508921388       0.28868725610761270     
  0.11171503035650088       0.28978404474354208     
  0.11177907345638262       0.28943784284223417     
  0.11187746201741394       0.28924921329010045     
  0.11197025569874627       0.28900446094071058     
  0.11205115859972051       0.29016658407322110     
  0.11211894415278552       0.29177194393078643     
  0.11218369655483205       0.29164073061525958     
  0.11226452549373493       0.29074475222969104     
  0.11232416755944342       0.29196553589251273     
  0.11237175743492590       0.29302818133121711     
  0.11242338867977471       0.29410690108557885     
  0.11250183220812604       0.29587324394671333     
  0.11256014617768893       0.29607126918413001     
  0.11265895147242232       0.29617715338569245     
  0.11274810024206779       0.29626917826631866     
  0.11284385654700024       0.29599061490566175     
  0.11292502104099933       0.29608873974117172     
  0.11298356267375725       0.29633209025827745     
  0.11303724518934039       0.29658183962311291     
  0.11309595283264420       0.29806434915376046     
  0.11316285419256723       0.29875048563314016     
  0.11323162941886721       0.29835149510806497     
  0.11332688398145907       0.29922664493513246     
  0.11341543281927839       0.30027935118441040     
  0.11350174149617533       0.30195065253419928     
  0.11358570593909295       0.30417485712591230     
  0.11366563110648825       0.30635728324042089     
  0.11373461018985118       0.30666560926831654     
  0.11381225602349895       0.30601013118923764     
  0.11391867365121747       0.30558498872741846     
  0.11400491093561821       0.30489063866731531     
  0.11408968682546655       0.30461425634433398     
  0.11417151271142256       0.30534680948924664     
  0.11424902424107899       0.30733894899630976     
  0.11431737181307064       0.30800005959468219     
  0.11437368094340203       0.30796612417027441     
  0.11446097455442200       0.30971310941452951     
  0.11454556135239530       0.31221131722303458     
  0.11462727954047032       0.31501877937632694     
  0.11470341325554083       0.31657795083753293     
  0.11476617201803295       0.31617509845261310     
  0.11486889146813704       0.31432377138072892     
  0.11496045393229057       0.31256422977187487     
  0.11504191308516104       0.31151157179581673     
  0.11512543084953235       0.31181165323859655     
  0.11520475312531654       0.31371029929981542     
  0.11527895180533891       0.31676562572588723     
  0.11534012498217387       0.31740627094888857     
  0.11541206910790575       0.31656912417408972     
  0.11550054482940166       0.31685477794383254     
  0.11558301559666095       0.31771562948984777     
  0.11566259672580093       0.31992128590259533     
  0.11573557587397357       0.32170473736196709     
  0.11579460799266314       0.32189872226967897     
  0.11589348505180201       0.32103688216632087     
  0.11598625943845352       0.31967389921140349     
  0.11607105444588069       0.31863543235883773     
  0.11615317515442262       0.31822685953142854     
  0.11623164142086796       0.31890320132840816     
  0.11630475373599662       0.32042942398847862     
  0.11636422584878039       0.32062912186996795     
  0.11644111931849900       0.32052067311122817     
  0.11653026481438282       0.32162854395126739     
  0.11661358356479720       0.32269058347225321     
  0.11669517480544697       0.32436500296701387     
  0.11677339481678715       0.32674910713169747     
  0.11684352065710343       0.32742313330658146     
  0.11690464146582488       0.32669156389763782     
  0.11700648728752254       0.32599488320381653     
  0.11709657077413486       0.32646418106789510     
  0.11715791367784939       0.32753384746974601     
  0.11725041518788797       0.32943103670225343     
  0.11735525478088267       0.33066710606138439     
  0.11743799497985946       0.33087932603199355     
  0.11750255578375511       0.33169387586556520     
  0.11756886635471878       0.33211095203671104     
  0.11765217609090733       0.33175084878828248     
  0.11773934295798617       0.33162803877764041     
  0.11783623334357514       0.33079782733421170     
  0.11792003417079601       0.32917147154763088     
  0.11798725596135724       0.32849010486960656     
  0.11805793140368420       0.32993839687787291     
  0.11812686782958723       0.33226281088463555     
  0.11818063401566538       0.33297814515216018     
  0.11826064627180627       0.33395585136563616     
  0.11835078889533034       0.33710119566973984     
  0.11842920567787039       0.34069117350220612     
  0.11849837887232945       0.34247876586905179     
  0.11855765728505557       0.34245224792647316     
  0.11866056999756291       0.34107388703625774     
  0.11874421161911539       0.33860657285944357     
  0.11882007654337710       0.33669772720427071     
  0.11889110815044399       0.33638656773152248     
  0.11896280983176223       0.33776808660991342     
  0.11903174180916054       0.33888445122462146     
  0.11908454336279835       0.33879369886198424     
  0.11917527956604972       0.33938019506391531     
  0.11926278417055283       0.34148307381997134     
  0.11934732399693099       0.34411507259605878     
  0.11942422127500689       0.34462278257982676     
  0.11948872929197428       0.34304750351771307     
  0.11956646865698033       0.34091450601074247     
  0.11963583121248957       0.33976189128454015     
  0.11971060207224615       0.33987498894093227     
  0.11978883530502688       0.34173923069989870     
  0.11986328819539538       0.34441387273906615     
  0.11992569149174608       0.34438740155586411     
  0.11998634429948184       0.34332794446496573     
  0.12007670211286774       0.34416887444090194     
  0.12015363441441682       0.34620256836224222     
  0.12023780879710597       0.34919501268523956     
  0.12031085666311993       0.34994265402311270     
  0.12037472512968779       0.34940559779401209     
  0.12046691853983336       0.34907665312150032     
  0.12054419988432691       0.34850000401176939     
  0.12061878707999646       0.34828420112860442     
  0.12068575154520965       0.35031466065342881     
  0.12074913429154027       0.35201979336817862     
  0.12080262641188860       0.35217266367366168     
  0.12088301087177547       0.35344705160116902     
  0.12095640145795102       0.35565026260057703     
  0.12102473806081834       0.35783327085542810     
  0.12107976274368167       0.35861660025862374     
  0.12113706579763811       0.35970469201529320     
  0.12120189672946136       0.36160460273946415     
  0.12126031024767159       0.36187519100696280     
  0.12130368053352643       0.36255910436061028     
  0.12136605167200450       0.36337433334925595     
  0.12143753769535953       0.36259757942975884     
  0.12153476133564028       0.36128680587782974     
  0.12160787569977914       0.35956534809396667     
  0.12168390205384690       0.35845378394947963     
  0.12174951797871045       0.35977411806744797     
  0.12179614610446689       0.36008541455113413     
  0.12184476757227439       0.35984175620261472     
  0.12188225646018100       0.36002744620575633     
  0.12191450915649163       0.36054790340517207     
  0.12196775121619036       0.36129809810663843     
  0.12204284250087306       0.36055917473343746     
  0.12212118267695048       0.36104898420634596     
  0.12219729313416024       0.36273409349091973     
  0.12226307945406881       0.36256441749631207     
  0.12231853392443033       0.36108741596905208     
  0.12237285271291587       0.36180906306314736     
  0.12241258841573616       0.36223602512639519     
  0.12244790375454764       0.36239875707134206     
  0.12247998976759535       0.36330558959523812     
  0.12250694267980683       0.36379978460045020     
  0.12253780794278678       0.36515444882818843     
  0.12259279313296466       0.36659140509056681     
  0.12263272074149520       0.36704302927834437     
  0.12266308534919511       0.36776869946894791     
  0.12269257406645574       0.36796158006200202     
  0.12273102364527967       0.36858466303823900     
  0.12278916578970320       0.37023811039062315     
  0.12285281718241232       0.37044625923380997     
  0.12291126027882093       0.36972965583990902     
  0.12297645266813613       0.37123433127282757     
  0.12301960005185678       0.37148013118111056     
  0.12306650175886570       0.37102704766346872     
  0.12310590866527255       0.37085267254569432     
  0.12313593906485240       0.37130819017001709     
  0.12317846503247219       0.37240763568114377     
  0.12324834045106359       0.37276633196458647     
  0.12332033975873651       0.37348655423697180     
  0.12338269093733693       0.37505356265940865     
  0.12344627572859690       0.37705897346123135     
  0.12349878325235912       0.37683364844582784     
  0.12356715320443143       0.37634412915646148     
  0.12361980909793893       0.37815386561668562     
  0.12367878531867353       0.37941186793793175     
  0.12372725351170896       0.37946263262786556     
  0.12376622095335524       0.38015635110578605     
  0.12382320741769215       0.38043595318531143     
  0.12390298316799372       0.38029141954825824     
  0.12398844862160517       0.38097695125962694     
  0.12406876385393095       0.38189892488096988     
  0.12414519058675637       0.38405561040185104     
  0.12421376329594248       0.38443890025247840     
  0.12428334142829239       0.38304529273683913     
  0.12434368272223105       0.38379355275490029     
  0.12439737191961620       0.38454757789297028     
  0.12443982116766043       0.38449548632638919     
  0.12447158582151271       0.38415693989154953     
  0.12449892441391137       0.38460196089203103     
  0.12452927555506260       0.38581285566284551     
  0.12457090815848090       0.38622746076239606     
  0.12463481850795967       0.38602009267900045     
  0.12472464620090572       0.38564861027844055     
  0.12480959233458973       0.38519799315898257     
  0.12488336193172002       0.38571070869498986     
  0.12495385090775453       0.38858658511892280     
  0.12502455479254476       0.39112308426053438     
  0.12507892199435394       0.39119204918398409     
  0.12516808944482558       0.39093170784206571     
  0.12525828096575009       0.39190429883034944     
  0.12534097143821143       0.39330720636801203     
  0.12541973784524910       0.39471323564419342     
  0.12549640241485438       0.39679273097760276     
  0.12557317322796732       0.39972567427461475     
  0.12565103475878908       0.40239355981827157     
  0.12572743926756844       0.40404330530181293     
  0.12580429374716814       0.40554889836909425     
  0.12589021595463973       0.40706384905155424     
  0.12598101062328640       0.40716537428162047     
  0.12605488486551220       0.40633149089688991     
  0.12611780032887909       0.40630742378426066     
  0.12617696732711706       0.40724261439114740     
  0.12624091282508304       0.40779041660291226     
  0.12632010750492245       0.40748279789357217     
  0.12642249691614871       0.40789144877223088     
  0.12651804893149041       0.40927756021135842     
  0.12663211200671745       0.41015286069125967     
  0.12673840539020464       0.41082246996853389     
  0.12682104729883603       0.41288322619275286     
  0.12690370646503391       0.41524587447711880     
  0.12699994261209746       0.41630911620708921     
  0.12710844385079362       0.41639611460347875     
  0.12719935547842309       0.41723171613112853     
  0.12729231827668333       0.41883431295588158     
  0.12739108754078426       0.42061712572413151     
  0.12749392273239521                            NaN
  0.12758180356792909                            NaN
  0.12776139704329986                            NaN
                       NaN                       NaN
