# SPLASH: A visualisation tool for SPH data (c)2004-2019 Daniel Price
# meanvals.out produced using "splash calc mean" on dump files output/snap_00000->output/snap_00100
# use asplash -e meanvals.out to plot the contents of this file 
#
# [01         time]  [02 x           ]  [03 v           ]  [04 a           ]  [05 m           ]  [06 h           ]  [07 rho         ]  [08 u           ]  [09 P           ]  [10 c           ]  [11 ke          ]
  0.0000000000E+00   4.9999999892E-01   0.0000000000E+00  -2.1582735599E-14   9.9999997765E-03   1.1978866532E-02   1.0017642975E+00   0.0000000000E+00   1.0017642975E+00   1.0000000000E+00   0.0000000000E+00
  5.0311237574E-02   4.9999999790E-01  -7.8485258696E-11  -1.3491115789E-06   9.9999997765E-03   1.1978899806E-02   1.0017614646E+00   0.0000000000E+00   1.0017614646E+00   1.0000000000E+00   2.0242519730E-11
  1.0062247515E-01   4.9999999973E-01  -6.6901603449E-11  -2.6297054154E-06   9.9999997765E-03   1.1978929676E-02   1.0017589417E+00   0.0000000000E+00   1.0017589417E+00   1.0000000000E+00   1.4273973273E-11
  1.5093371272E-01   4.9999999790E-01  -4.3362226940E-11  -3.6410388599E-06   9.9999997765E-03   1.1978953129E-02   1.0017569910E+00   0.0000000000E+00   1.0017569910E+00   1.0000000000E+00   7.1790828325E-12
  2.0124495029E-01   5.0000000054E-01  -6.9698299657E-11  -4.4292894844E-06   9.9999997765E-03   1.1978967826E-02   1.0017557578E+00   0.0000000000E+00   1.0017557578E+00   1.0000000000E+00   1.7323084707E-12
  2.5155618787E-01   4.9999999902E-01   2.7096999392E-11  -4.7370598622E-06   9.9999997765E-03   1.1978971907E-02   1.0017554196E+00   0.0000000000E+00   1.0017554196E+00   1.0000000000E+00   3.0352809633E-14
  3.0186742544E-01   5.0000000119E-01   4.0956200048E-11  -4.1482781605E-06   9.9999997765E-03   1.1978964711E-02   1.0017560114E+00   0.0000000000E+00   1.0017560114E+00   1.0000000000E+00   2.6724771916E-12
  3.5217866302E-01   5.0000000105E-01   5.5440936690E-11  -3.2998532499E-06   9.9999997765E-03   1.1978947795E-02   1.0017574397E+00   0.0000000000E+00   1.0017574397E+00   1.0000000000E+00   8.5430380502E-12
  4.0009412169E-01   4.9999999729E-01   6.8292716936E-11  -2.2515650347E-06   9.9999997765E-03   1.1978924241E-02   1.0017594034E+00   0.0000000000E+00   1.0017594034E+00   1.0000000000E+00   1.4976019797E-11
  4.5040535927E-01   4.9999999865E-01   7.1289915385E-11  -1.0126189864E-06   9.9999997765E-03   1.1978894540E-02   1.0017618808E+00   0.0000000000E+00   1.0017618808E+00   1.0000000000E+00   2.0033701868E-11
  5.0071662664E-01   4.9999999946E-01   7.1413937390E-11   2.3549362140E-07   9.9999997765E-03   1.1978862502E-02   1.0017645576E+00   0.0000000000E+00   1.0017645576E+00   1.0000000000E+00   2.1404176334E-11
  5.5102783442E-01   5.0000000186E-01   7.0043494237E-11   1.4829238146E-06   9.9999997765E-03   1.1978831176E-02   1.0017671932E+00   0.0000000000E+00   1.0017671932E+00   1.0000000000E+00   1.8564980613E-11
  6.0133910179E-01   4.9999999787E-01   6.0134136054E-11   2.6375069534E-06   9.9999997765E-03   1.1978803677E-02   1.0017694950E+00   0.0000000000E+00   1.0017694950E+00   1.0000000000E+00   1.2653738584E-11
  6.5165030956E-01   5.0000000210E-01   3.7586935584E-11   3.4974045775E-06   9.9999997765E-03   1.1978782375E-02   1.0017712723E+00   0.0000000000E+00   1.0017712723E+00   1.0000000000E+00   6.0049924348E-12
  7.0196157694E-01   4.9999999997E-01   1.7109869077E-11   3.9537051469E-06   9.9999997765E-03   1.1978769556E-02   1.0017723452E+00   0.0000000000E+00   1.0017723452E+00   1.0000000000E+00   1.2175112855E-12
  7.5227278471E-01   4.9999999817E-01   3.7542494366E-12   4.1093121498E-06   9.9999997765E-03   1.1978766119E-02   1.0017726313E+00   0.0000000000E+00   1.0017726313E+00   1.0000000000E+00   1.2692103834E-13
  8.0018824339E-01   5.0000000213E-01  -1.5052137314E-11   4.0192804590E-06   9.9999997765E-03   1.1978772164E-02   1.0017721219E+00   0.0000000000E+00   1.0017721219E+00   1.0000000000E+00   2.8692416360E-12
  8.5049951077E-01   5.0000000156E-01  -4.4533201369E-11   3.4987305712E-06   9.9999997765E-03   1.1978787759E-02   1.0017708215E+00   0.0000000000E+00   1.0017708215E+00   1.0000000000E+00   8.5631014997E-12
  9.0081071854E-01   5.0000000000E-01  -3.2485497121E-11   2.7359869571E-06   9.9999997765E-03   1.1978811635E-02   1.0017688253E+00   0.0000000000E+00   1.0017688253E+00   1.0000000000E+00   1.4877432512E-11
  9.5112198591E-01   4.9999999925E-01  -1.0109033610E-10   1.4346112121E-06   9.9999997765E-03   1.1978841759E-02   1.0017662959E+00   0.0000000000E+00   1.0017662959E+00   1.0000000000E+00   1.9305236760E-11
  1.0014332533E+00   4.9999999868E-01  -1.1328169917E-10  -5.1596159561E-07   9.9999997765E-03   1.1978874965E-02   1.0017635237E+00   0.0000000000E+00   1.0017635237E+00   1.0000000000E+00   2.0102141004E-11
  1.0517444611E+00   4.9999999824E-01  -6.9317965509E-11  -1.9527487645E-06   9.9999997765E-03   1.1978907003E-02   1.0017608382E+00   0.0000000000E+00   1.0017608382E+00   1.0000000000E+00   1.6968847742E-11
  1.1020556688E+00   4.9999999963E-01  -5.4526274405E-11  -3.0487345116E-06   9.9999997765E-03   1.1978934333E-02   1.0017585646E+00   0.0000000000E+00   1.0017585646E+00   1.0000000000E+00   1.1159331228E-11
  1.1523669958E+00   4.9999999915E-01  -4.5092333907E-11  -3.9485683208E-06   9.9999997765E-03   1.1978954111E-02   1.0017569087E+00   0.0000000000E+00   1.0017569087E+00   1.0000000000E+00   4.9691137218E-12
  1.2002824545E+00   5.0000000020E-01  -9.6809509903E-12  -4.3693309470E-06   9.9999997765E-03   1.1978964271E-02   1.0017560590E+00   0.0000000000E+00   1.0017560590E+00   1.0000000000E+00   9.3754690906E-13
  1.2505936623E+00   4.9999999956E-01   2.3103232458E-11  -4.1771492099E-06   9.9999997765E-03   1.1978964829E-02   1.0017560135E+00   0.0000000000E+00   1.0017560135E+00   1.0000000000E+00   2.1266669972E-13
  1.3009048700E+00   5.0000000034E-01   4.3292981321E-11  -3.5854229282E-06   9.9999997765E-03   1.1978955398E-02   1.0017568046E+00   0.0000000000E+00   1.0017568046E+00   1.0000000000E+00   3.2720474270E-12
  1.3512160778E+00   4.9999999997E-01   5.5820237321E-11  -2.6941613710E-06   9.9999997765E-03   1.1978937482E-02   1.0017582785E+00   0.0000000000E+00   1.0017582785E+00   1.0000000000E+00   8.8519142779E-12
  1.4015274048E+00   4.9999999929E-01   6.0254023992E-11  -1.6676606926E-06   9.9999997765E-03   1.1978913200E-02   1.0017603246E+00   0.0000000000E+00   1.0017603246E+00   1.0000000000E+00   1.4720255131E-11
  1.4518386126E+00   4.9999999776E-01   6.0595084506E-11  -6.0422123211E-07   9.9999997765E-03   1.1978885142E-02   1.0017626827E+00   0.0000000000E+00   1.0017626827E+00   1.0000000000E+00   1.8548709300E-11
  1.5021498203E+00   4.9999999956E-01   6.0750112012E-11   4.5726662020E-07   9.9999997765E-03   1.1978855594E-02   1.0017651385E+00   0.0000000000E+00   1.0017651385E+00   1.0000000000E+00   1.8825196823E-11
  1.5500652790E+00   4.9999999980E-01   5.9075814947E-11   1.4619873582E-06   9.9999997765E-03   1.1978828704E-02   1.0017673904E+00   0.0000000000E+00   1.0017673904E+00   1.0000000000E+00   1.5682288087E-11
  1.6003764868E+00   5.0000000075E-01   5.1334774815E-11   2.4377000872E-06   9.9999997765E-03   1.1978803897E-02   1.0017694690E+00   0.0000000000E+00   1.0017694690E+00   1.0000000000E+00   1.0077067564E-11
  1.6506878138E+00   5.0000000030E-01   3.7098082182E-11   3.2129330810E-06   9.9999997765E-03   1.1978785186E-02   1.0017710534E+00   0.0000000000E+00   1.0017710534E+00   1.0000000000E+00   4.3013667409E-12
  1.7009990215E+00   4.9999999878E-01   2.1101052219E-11   3.7192481614E-06   9.9999997765E-03   1.1978774044E-02   1.0017719702E+00   0.0000000000E+00   1.0017719702E+00   1.0000000000E+00   6.0522918379E-13
  1.7513102293E+00   4.9999999929E-01   4.4725435476E-12   3.9140345093E-06   9.9999997765E-03   1.1978771910E-02   1.0017721501E+00   0.0000000000E+00   1.0017721501E+00   1.0000000000E+00   3.8702559418E-13
  1.8016214371E+00   5.0000000125E-01  -2.1551923882E-11   3.7354078152E-06   9.9999997765E-03   1.1978779090E-02   1.0017715454E+00   0.0000000000E+00   1.0017715454E+00   1.0000000000E+00   3.6603283982E-12
  1.8519327641E+00   5.0000000186E-01  -1.7037522908E-11   3.3074344504E-06   9.9999997765E-03   1.1978795346E-02   1.0017702038E+00   0.0000000000E+00   1.0017702038E+00   1.0000000000E+00   9.0889773499E-12
  1.9022439718E+00   5.0000000030E-01  -5.8087772976E-11   3.1553524381E-06   9.9999997765E-03   1.1978819645E-02   1.0017681534E+00   0.0000000000E+00   1.0017681534E+00   1.0000000000E+00   1.4509549065E-11
  1.9501594305E+00   5.0000000014E-01  -1.3699884055E-10   1.0646684483E-06   9.9999997765E-03   1.1978848905E-02   1.0017657020E+00   0.0000000000E+00   1.0017657020E+00   1.0000000000E+00   1.7687820605E-11
  2.0004706383E+00   4.9999999970E-01  -1.1519990618E-10  -1.1719696369E-06   9.9999997765E-03   1.1978881840E-02   1.0017629320E+00   0.0000000000E+00   1.0017629320E+00   1.0000000000E+00   1.7668952065E-11
  2.0507819653E+00   5.0000000034E-01  -5.7972019104E-11  -2.4541196126E-06   9.9999997765E-03   1.1978912201E-02   1.0017604048E+00   0.0000000000E+00   1.0017604048E+00   1.0000000000E+00   1.4250133912E-11
  2.1010930538E+00   5.0000000095E-01  -4.7225512390E-11  -3.3886396853E-06   9.9999997765E-03   1.1978936653E-02   1.0017583652E+00   0.0000000000E+00   1.0017583652E+00   1.0000000000E+00   8.8057978600E-12
  2.1514043808E+00   4.9999999641E-01  -1.2599602170E-11  -3.9145537978E-06   9.9999997765E-03   1.1978952891E-02   1.0017570105E+00   0.0000000000E+00   1.0017570105E+00   1.0000000000E+00   3.4889191951E-12
  2.2017157078E+00   4.9999999892E-01  -5.7736118916E-12  -4.0603223500E-06   9.9999997765E-03   1.1978959783E-02   1.0017564362E+00   0.0000000000E+00   1.0017564362E+00   1.0000000000E+00   3.6250941173E-13
  2.2520267963E+00   5.0000000095E-01   3.0652555242E-11  -3.6688837512E-06   9.9999997765E-03   1.1978957108E-02   1.0017566508E+00   0.0000000000E+00   1.0017566508E+00   1.0000000000E+00   5.9575379776E-13
  2.3023381233E+00   5.0000000102E-01   4.4171470522E-11  -3.0015625105E-06   9.9999997765E-03   1.1978945695E-02   1.0017576044E+00   0.0000000000E+00   1.0017576044E+00   1.0000000000E+00   4.0288677701E-12
  2.3502535820E+00   4.9999999976E-01   5.0183437204E-11  -2.2054069053E-06   9.9999997765E-03   1.1978928237E-02   1.0017590696E+00   0.0000000000E+00   1.0017590696E+00   1.0000000000E+00   9.0140930020E-12
  2.4005649090E+00   5.0000000230E-01   5.3097954316E-11  -1.2945054674E-06   9.9999997765E-03   1.1978904869E-02   1.0017610333E+00   0.0000000000E+00   1.0017610333E+00   1.0000000000E+00   1.4051195970E-11
  2.4508759975E+00   5.0000000112E-01   5.3643651137E-11  -3.5551939845E-07   9.9999997765E-03   1.1978878436E-02   1.0017632398E+00   0.0000000000E+00   1.0017632398E+00   1.0000000000E+00   1.6917182848E-11
  2.5011873245E+00   4.9999999834E-01   5.2996669679E-11   5.7941958031E-07   9.9999997765E-03   1.1978851123E-02   1.0017655178E+00   0.0000000000E+00   1.0017655178E+00   1.0000000000E+00   1.6467568047E-11
  2.5514984131E+00   4.9999999732E-01   5.0894496698E-11   1.4937545281E-06   9.9999997765E-03   1.1978825470E-02   1.0017676614E+00   0.0000000000E+00   1.0017676614E+00   1.0000000000E+00   1.2897777858E-11
  2.6018097401E+00   5.0000000064E-01   4.4857725615E-11   2.3364130274E-06   9.9999997765E-03   1.1978803440E-02   1.0017695145E+00   0.0000000000E+00   1.0017695145E+00   1.0000000000E+00   7.6469517918E-12
  2.6521210670E+00   4.9999999861E-01   3.5031048769E-11   3.0381541530E-06   9.9999997765E-03   1.1978787150E-02   1.0017708757E+00   0.0000000000E+00   1.0017708757E+00   1.0000000000E+00   2.7888355103E-12
  2.7000365257E+00   5.0000000037E-01   1.9814000945E-11   3.4982568567E-06   9.9999997765E-03   1.1978778412E-02   1.0017715996E+00   0.0000000000E+00   1.0017715996E+00   1.0000000000E+00   2.5133094097E-13
  2.7503476143E+00   4.9999999946E-01  -2.9837627318E-12   3.6276723883E-06   9.9999997765E-03   1.1978777413E-02   1.0017716841E+00   0.0000000000E+00   1.0017716841E+00   1.0000000000E+00   7.2617206415E-13
  2.8006589413E+00   5.0000000176E-01  -8.8965118101E-12   3.4858609566E-06   9.9999997765E-03   1.1978785203E-02   1.0017710339E+00   0.0000000000E+00   1.0017710339E+00   1.0000000000E+00   4.1563935926E-12
  2.8509702682E+00   4.9999999966E-01   5.2358989871E-11   3.7051420308E-06   9.9999997765E-03   1.1978801357E-02   1.0017696857E+00   0.0000000000E+00   1.0017696857E+00   1.0000000000E+00   9.1672937164E-12
  2.9012813568E+00   4.9999999875E-01  -1.2331714639E-10   3.0938904109E-06   9.9999997765E-03   1.1978826282E-02   1.0017675877E+00   0.0000000000E+00   1.0017675877E+00   1.0000000000E+00   1.3772537267E-11
  2.9515926838E+00   5.0000000047E-01  -1.4079391390E-10   4.3331434964E-07   9.9999997765E-03   1.1978857626E-02   1.0017649694E+00   0.0000000000E+00   1.0017649694E+00   1.0000000000E+00   1.6133001812E-11
  3.0019040108E+00   4.9999999976E-01  -1.2486122035E-10  -2.0576147728E-06   9.9999997765E-03   1.1978889900E-02   1.0017622731E+00   0.0000000000E+00   1.0017622731E+00   1.0000000000E+00   1.5299080695E-11
  3.0522150993E+00   5.0000000007E-01  -1.7528443343E-11  -2.9071526776E-06   9.9999997765E-03   1.1978917823E-02   1.0017599431E+00   0.0000000000E+00   1.0017599431E+00   1.0000000000E+00   1.1625367406E-11
  3.1001305580E+00   5.0000000091E-01  -3.5360740598E-11  -3.4277551591E-06   9.9999997765E-03   1.1978937787E-02   1.0017582785E+00   0.0000000000E+00   1.0017582785E+00   1.0000000000E+00   6.8372090370E-12
  3.1504418850E+00   4.9999999831E-01  -6.9519501267E-12  -3.8012781426E-06   9.9999997765E-03   1.1978950656E-02   1.0017572056E+00   0.0000000000E+00   1.0017572056E+00   1.0000000000E+00   2.3600600537E-12
  3.2007529736E+00   4.9999999932E-01   5.5342688008E-11  -3.5999660213E-06   9.9999997765E-03   1.1978954500E-02   1.0017568805E+00   0.0000000000E+00   1.0017568805E+00   1.0000000000E+00   1.3319421739E-13
  3.2510643005E+00   4.9999999729E-01   3.3224203187E-11  -3.2057956725E-06   9.9999997765E-03   1.1978949776E-02   1.0017572728E+00   0.0000000000E+00   1.0017572728E+00   1.0000000000E+00   9.6618883762E-13
  3.3013756275E+00   4.9999999912E-01   4.0464246095E-11  -2.5428308535E-06   9.9999997765E-03   1.1978937347E-02   1.0017583110E+00   0.0000000000E+00   1.0017583110E+00   1.0000000000E+00   4.4781372616E-12
  3.3516867161E+00   5.0000000007E-01   4.5431327387E-11  -1.7825597504E-06   9.9999997765E-03   1.1978918873E-02   1.0017598521E+00   0.0000000000E+00   1.0017598521E+00   1.0000000000E+00   9.2734766083E-12
  3.4019980431E+00   5.0000000210E-01   4.7717466342E-11  -9.6255074492E-07   9.9999997765E-03   1.1978896216E-02   1.0017617464E+00   0.0000000000E+00   1.0017617464E+00   1.0000000000E+00   1.3454241226E-11
  3.4523093700E+00   5.0000000322E-01   4.7934504850E-11  -1.2134629540E-07   9.9999997765E-03   1.1978871274E-02   1.0017638315E+00   0.0000000000E+00   1.0017638315E+00   1.0000000000E+00   1.5339786579E-11
  3.5002248287E+00   5.0000000007E-01   4.7132495886E-11   6.7268301791E-07   9.9999997765E-03   1.1978847432E-02   1.0017658299E+00   0.0000000000E+00   1.0017658299E+00   1.0000000000E+00   1.4289076389E-11
  3.5505359173E+00   5.0000000010E-01   4.4906300900E-11   1.4817247823E-06   9.9999997765E-03   1.1978823996E-02   1.0017677892E+00   0.0000000000E+00   1.0017677892E+00   1.0000000000E+00   1.0649004999E-11
  3.6008472443E+00   5.0000000020E-01   4.0282347155E-11   2.2299815927E-06   9.9999997765E-03   1.1978804218E-02   1.0017694495E+00   0.0000000000E+00   1.0017694495E+00   1.0000000000E+00   5.8722077900E-12
  3.6511585712E+00   4.9999999973E-01   3.0814817364E-11   2.8629835304E-06   9.9999997765E-03   1.1978789944E-02   1.0017706481E+00   0.0000000000E+00   1.0017706481E+00   1.0000000000E+00   1.8350061887E-12
  3.7014696598E+00   5.0000000000E-01   1.3963779628E-11   3.2595833297E-06   9.9999997765E-03   1.1978782510E-02   1.0017712550E+00   0.0000000000E+00   1.0017712550E+00   1.0000000000E+00   7.5374725499E-14
  3.7517809868E+00   5.0000000010E-01  -3.0553337638E-12   3.2985941785E-06   9.9999997765E-03   1.1978782849E-02   1.0017712203E+00   0.0000000000E+00   1.0017712203E+00   1.0000000000E+00   1.2184241602E-12
  3.8020920753E+00   5.0000000166E-01  -3.2473094920E-12   3.3313950966E-06   9.9999997765E-03   1.1978791299E-02   1.0017705245E+00   0.0000000000E+00   1.0017705245E+00   1.0000000000E+00   4.7722159089E-12
  3.8500075340E+00   5.0000000112E-01   5.6454816579E-11   4.4287029058E-06   9.9999997765E-03   1.1978807317E-02   1.0017691851E+00   0.0000000000E+00   1.0017691851E+00   1.0000000000E+00   9.1212736694E-12
  3.9003188610E+00   5.0000000301E-01  -1.5831822318E-10   2.8255715609E-06   9.9999997765E-03   1.1978833242E-02   1.0017670111E+00   0.0000000000E+00   1.0017670111E+00   1.0000000000E+00   1.2964747900E-11
  3.9506301880E+00   5.0000000037E-01  -1.7291561314E-10  -4.0379656764E-07   9.9999997765E-03   1.1978864975E-02   1.0017643647E+00   0.0000000000E+00   1.0017643647E+00   1.0000000000E+00   1.4539151017E-11
  4.0009412766E+00   5.0000000125E-01  -3.5891968185E-11  -2.7028375433E-06   9.9999997765E-03   1.1978895827E-02   1.0017617789E+00   0.0000000000E+00   1.0017617789E+00   1.0000000000E+00   1.3203604909E-11
  4.0512523651E+00   5.0000000159E-01  -4.2940552124E-11  -3.0646624096E-06   9.9999997765E-03   1.1978920888E-02   1.0017596852E+00   0.0000000000E+00   1.0017596852E+00   1.0000000000E+00   9.5299392923E-12
  4.1015639305E+00   5.0000000112E-01   2.6044621005E-13  -3.4609796702E-06   9.9999997765E-03   1.1978938414E-02   1.0017582265E+00   0.0000000000E+00   1.0017582265E+00   1.0000000000E+00   5.0052371344E-12
  4.1518750191E+00   5.0000000007E-01  -2.9651594311E-12  -3.4590235373E-06   9.9999997765E-03   1.1978947744E-02   1.0017574354E+00   0.0000000000E+00   1.0017574354E+00   1.0000000000E+00   1.3972822349E-12
  4.2021861076E+00   5.0000000173E-01   2.5860655032E-11  -3.2743106699E-06   9.9999997765E-03   1.1978948777E-02   1.0017573530E+00   0.0000000000E+00   1.0017573530E+00   1.0000000000E+00   6.8733853649E-14
  4.2501015663E+00   5.0000000081E-01   3.3093204944E-11  -2.7712962203E-06   9.9999997765E-03   1.1978942545E-02   1.0017578775E+00   0.0000000000E+00   1.0017578775E+00   1.0000000000E+00   1.3524831194E-12
  4.3004131317E+00   4.9999999573E-01   3.7143556917E-11  -2.1700725401E-06   9.9999997765E-03   1.1978929439E-02   1.0017589699E+00   0.0000000000E+00   1.0017589699E+00   1.0000000000E+00   4.8369659249E-12
  4.3507242203E+00   4.9999999655E-01   4.1445053450E-11  -1.4724911869E-06   9.9999997765E-03   1.1978911338E-02   1.0017604785E+00   0.0000000000E+00   1.0017604785E+00   1.0000000000E+00   9.1565366681E-12
  4.4010353088E+00   5.0000000193E-01   4.3159657666E-11  -7.2796978698E-07   9.9999997765E-03   1.1978889680E-02   1.0017622991E+00   0.0000000000E+00   1.0017622991E+00   1.0000000000E+00   1.2600909634E-11
  4.4513468742E+00   4.9999999878E-01   4.3285746704E-11   3.1138090926E-08   9.9999997765E-03   1.1978866295E-02   1.0017642520E+00   0.0000000000E+00   1.0017642520E+00   1.0000000000E+00   1.3757238169E-11
  4.5016579628E+00   5.0000000034E-01   4.2289436599E-11   7.8286907823E-07   9.9999997765E-03   1.1978843131E-02   1.0017661832E+00   0.0000000000E+00   1.0017661832E+00   1.0000000000E+00   1.2157427755E-11
  4.5519690514E+00   4.9999999776E-01   3.9995029510E-11   1.5055187181E-06   9.9999997765E-03   1.1978821931E-02   1.0017679540E+00   0.0000000000E+00   1.0017679540E+00   1.0000000000E+00   8.4881790725E-12
  4.6022806168E+00   4.9999999848E-01   3.5259455961E-11   2.1668071730E-06   9.9999997765E-03   1.1978804472E-02   1.0017694278E+00   0.0000000000E+00   1.0017694278E+00   1.0000000000E+00   4.2311623852E-12
  4.6501960754E+00   5.0000000068E-01   2.5274651059E-11   2.6781331144E-06   9.9999997765E-03   1.1978792721E-02   1.0017704032E+00   0.0000000000E+00   1.0017704032E+00   1.0000000000E+00   1.1458888692E-12
  4.7005071640E+00   4.9999999929E-01   7.6694691002E-12   2.9880012169E-06   9.9999997765E-03   1.1978786693E-02   1.0017709017E+00   0.0000000000E+00   1.0017709017E+00   1.0000000000E+00   8.9681132093E-14
  4.7508182526E+00   4.9999999858E-01   1.2957715708E-11   3.0494276044E-06   9.9999997765E-03   1.1978787793E-02   1.0017708237E+00   0.0000000000E+00   1.0017708237E+00   1.0000000000E+00   1.6061501649E-12
  4.8011298180E+00   5.0000000115E-01   7.0586090508E-11   3.4238642167E-06   9.9999997765E-03   1.1978796497E-02   1.0017700889E+00   0.0000000000E+00   1.0017700889E+00   1.0000000000E+00   5.0780720248E-12
  4.8514409065E+00   4.9999999986E-01  -7.4181695130E-11   4.9151761232E-06   9.9999997765E-03   1.1978814412E-02   1.0017685825E+00   0.0000000000E+00   1.0017685825E+00   1.0000000000E+00   9.1520357443E-12
  4.9017519951E+00   4.9999999997E-01  -2.3089383335E-10   1.8907643690E-06   9.9999997765E-03   1.1978841996E-02   1.0017662764E+00   0.0000000000E+00   1.0017662764E+00   1.0000000000E+00   1.2208539750E-11
  4.9520635605E+00   4.9999999966E-01  -1.3618442939E-10  -1.3974434200E-06   9.9999997765E-03   1.1978873610E-02   1.0017636342E+00   0.0000000000E+00   1.0017636342E+00   1.0000000000E+00   1.2976074210E-11
  5.0023746490E+00   5.0000000085E-01  -3.8457156651E-11  -3.0434752964E-06   9.9999997765E-03   1.1978902177E-02   1.0017612457E+00   0.0000000000E+00   1.0017612457E+00   1.0000000000E+00   1.1153096756E-11
