 # x, v, m, h, rho, u, P, c
   0.0000000000000000     
   0.0000000000000000        0.0000000000000000        1.0000000000000000        1.2121212121212121E-002   90.329861111111100        0.0000000000000000        7.3991271121185082E-320   1.0000000000000000     
   1.0101010101010102E-002   6.3423919656564505E-006   1.0000000000000000        1.2121212121212121E-002   111.90972222222220        0.0000000000000000        3.1620201333839779E-322   1.0000000000000000     
   2.0202020202020204E-002   1.2659245357374927E-005   1.0000000000000000        1.2121212121212121E-002   125.65972222222221        0.0000000000000000        1.4620785844250841E-318   1.0000000000000000     
   3.0303030303030304E-002   1.8925124436041020E-005   1.0000000000000000        1.2121212121212121E-002   125.65972222222221        0.0000000000000000        1.3350986381965695E-307   1.0000000000000000     
   4.0404040404040407E-002   2.5114798718107922E-005   1.0000000000000000        1.2121212121212121E-002   125.65972222222220        0.0000000000000000        3.8939407923378074E-308   1.0000000000000000     
   5.0505050505050511E-002   3.1203344569848714E-005   1.0000000000000000        1.2121212121212121E-002   125.65972222222223        0.0000000000000000        8.4879831643551549E-314   1.0000000000000000     
   6.0606060606060608E-002   3.7166245566032755E-005   1.0000000000000000        1.2121212121212121E-002   125.65972222222220        0.0000000000000000        0.0000000000000000        1.0000000000000000     
   7.0707070707070718E-002   4.2979491208917173E-005   1.0000000000000000        1.2121212121212121E-002   125.65972222222220        0.0000000000000000        0.0000000000000000        1.0000000000000000     
   8.0808080808080815E-002   4.8619673610046875E-005   1.0000000000000000        1.2121212121212121E-002   125.65972222222226        0.0000000000000000        0.0000000000000000        1.0000000000000000     
   9.0909090909090912E-002   5.4064081745559760E-005   1.0000000000000000        1.2121212121212121E-002   125.65972222222220        0.0000000000000000        4.4070655609039192E-320   1.0000000000000000     
  0.10101010101010102        5.9290792905464055E-005   1.0000000000000000        1.2121212121212121E-002   125.65972222222220        0.0000000000000000        4.4070655609039192E-320   1.0000000000000000     
  0.11111111111111112        6.4278760968653945E-005   1.0000000000000000        1.2121212121212121E-002   125.65972222222226        0.0000000000000000        2.0236928853657458E-320   1.0000000000000000     
  0.12121212121212122        6.9007901148211199E-005   1.0000000000000000        1.2121212121212121E-002   125.65972222222220        0.0000000000000000        1.0609978955320427E-313   1.0000000000000000     
  0.13131313131313133        7.3459170865753339E-005   1.0000000000000000        1.2121212121212121E-002   125.65972222222214        0.0000000000000000        6.0710786560972375E-320   1.0000000000000000     
  0.14141414141414144        7.7614646429175697E-005   1.0000000000000000        1.2121212121212121E-002   125.65972222222227        0.0000000000000000        6.0710786560972375E-320   1.0000000000000000     
  0.15151515151515152        8.1457595205033578E-005   1.0000000000000000        1.2121212121212121E-002   125.65972222222227        0.0000000000000000        6.0710786560972375E-320   1.0000000000000000     
  0.16161616161616163        8.4972542994951437E-005   1.0000000000000000        1.2121212121212121E-002   125.65972222222214        0.0000000000000000        9.0922406738518760E-319   1.0000000000000000     
  0.17171717171717174        8.8145336344758215E-005   1.0000000000000000        1.2121212121212121E-002   125.65972222222227        0.0000000000000000        9.0922406738518760E-319   1.0000000000000000     
  0.18181818181818182        9.0963199535451831E-005   1.0000000000000000        1.2121212121212121E-002   125.65972222222227        0.0000000000000000        2.0236928853657458E-320   1.0000000000000000     
  0.19191919191919193        9.3414786026510668E-005   1.0000000000000000        1.2121212121212121E-002   125.65972222222214        0.0000000000000000        8.4879831643551549E-314   1.0000000000000000     
  0.20202020202020204        9.5490224144407403E-005   1.0000000000000000        1.2121212121212121E-002   125.65972222222227        0.0000000000000000        9.7137258497555801E-319   1.0000000000000000     
  0.21212121212121213        9.7181156832354168E-005   1.0000000000000000        1.2121212121212121E-002   125.65972222222227        0.0000000000000000        9.7137258497555801E-319   1.0000000000000000     
  0.22222222222222224        9.8480775301220812E-005   1.0000000000000000        1.2121212121212121E-002   125.65972222222214        0.0000000000000000        9.7137258497555801E-319   1.0000000000000000     
  0.23232323232323235        9.9383846446125411E-005   1.0000000000000000        1.2121212121212121E-002   125.65972222222227        0.0000000000000000        4.6991571707252641E-319   1.0000000000000000     
  0.24242424242424243        9.9886733918300806E-005   1.0000000000000000        1.2121212121212121E-002   125.65972222222227        0.0000000000000000        4.6991571707252641E-319   1.0000000000000000     
  0.25252525252525254        9.9987412767387507E-005   1.0000000000000000        1.2121212121212121E-002   125.65972222222214        0.0000000000000000        2.0236928853657458E-320   1.0000000000000000     
  0.26262626262626265        9.9685477595194246E-005   1.0000000000000000        1.2121212121212121E-002   125.65972222222214        0.0000000000000000        1.2731974746285700E-313   1.0000000000000000     
  0.27272727272727276        9.8982144188093277E-005   1.0000000000000000        1.2121212121212121E-002   125.65972222222214        0.0000000000000000        1.4541735340916241E-318   1.0000000000000000     
  0.28282828282828287        9.7880244621477864E-005   1.0000000000000000        1.2121212121212121E-002   125.65972222222238        0.0000000000000000        1.4744104629452816E-318   1.0000000000000000     
  0.29292929292929293        9.6384215855994216E-005   1.0000000000000000        1.2121212121212121E-002   125.65972222222238        0.0000000000000000        1.4744104629452816E-318   1.0000000000000000     
  0.30303030303030304        9.4500081871466847E-005   1.0000000000000000        1.2121212121212121E-002   125.65972222222214        0.0000000000000000        6.2845150151006560E-321   1.0000000000000000     
  0.31313131313131315        9.2235429410458147E-005   1.0000000000000000        1.2121212121212121E-002   125.65972222222214        0.0000000000000000        6.3635655184352555E-321   1.0000000000000000     
  0.32323232323232326        8.9599377429133595E-005   1.0000000000000000        1.2121212121212121E-002   125.65972222222214        0.0000000000000000        2.0236928853657458E-320   1.0000000000000000     
  0.33333333333333337        8.6602540378443851E-005   1.0000000000000000        1.2121212121212121E-002   125.65972222222214        0.0000000000000000        1.2731974746779765E-313   1.0000000000000000     
  0.34343434343434348        8.3256985463477128E-005   1.0000000000000000        1.2121212121212121E-002   125.65972222222214        0.0000000000000000        1.4543316350982933E-318   1.0000000000000000     
  0.35353535353535359        7.9576184053083197E-005   1.0000000000000000        1.2121212121212121E-002   125.65972222222238        6.9460143132893192E-310   1.4745685639519508E-318   1.0000000000000000     
  0.36363636363636365        7.5574957435425828E-005   1.0000000000000000        1.2121212121212121E-002   125.65972222222238        9.2837290509163032E-315   1.4745685639519508E-318   1.0000000000000000     
  0.37373737373737376        7.1269417137886270E-005   1.0000000000000000        1.2121212121212121E-002   125.65972222222214        6.9529304563783222E-310   2.5296161067071823E-321   1.0000000000000000     
  0.38383838383838387        6.6676900051629171E-005   1.0000000000000000        1.2121212121212121E-002   125.65972222222214        6.9460143009138147E-310   2.5296161067071823E-321   1.0000000000000000     
  0.39393939393939398        6.1815898622060502E-005   1.0000000000000000        1.2121212121212121E-002   125.65972222222214        6.9460143121886892E-310   3.9525251667299724E-323   1.0000000000000000     
  0.40404040404040409        5.6705986386277047E-005   1.0000000000000000        1.2121212121212121E-002   125.65972222222214        8.4879831668254831E-314   8.4879831658373518E-314   1.0000000000000000     
  0.41414141414141420        5.1367739157340632E-005   1.0000000000000000        1.2121212121212121E-002   125.65972222222238        3.1620201333839779E-322   3.3596463917204765E-321   1.0000000000000000     
  0.42424242424242425        4.5822652172741053E-005   1.0000000000000000        1.2121212121212121E-002   125.65972222222238        3.1620201333839779E-322   3.3596463917204765E-321   1.0000000000000000     
  0.43434343434343436        4.0093053540661363E-005   1.0000000000000000        1.2121212121212121E-002   125.65972222222214        3.1620201333839779E-322   3.3596463917204765E-321   1.0000000000000000     
  0.44444444444444448        3.4202014332566853E-005   1.0000000000000000        1.2121212121212121E-002   125.65972222222214        3.8734746633953729E-321   1.5810100666919889E-322   1.0000000000000000     
  0.45454545454545459        2.8173255684142969E-005   1.0000000000000000        1.2121212121212121E-002   125.65972222222214        3.8734746633953729E-321   1.5810100666919889E-322   1.0000000000000000     
  0.46464646464646470        2.2031053278654037E-005   1.0000000000000000        1.2121212121212121E-002   125.65972222222214        3.9525251667299724E-323   3.9525251667299724E-323   1.0000000000000000     
  0.47474747474747481        1.5800139597334944E-005   1.0000000000000000        1.2121212121212121E-002   125.65972222222238        8.4879831653432862E-314   8.4879831658373518E-314   1.0000000000000000     
  0.48484848484848486        9.5056043304182881E-006   1.0000000000000000        1.2121212121212121E-002   125.65972222222238        9.0947604086456664E-318   3.5177473983896754E-321   1.0000000000000000     
  0.49494949494949497        3.1727933498067657E-006   1.0000000000000000        1.2121212121212121E-002   125.65972222222214        9.0947604086456664E-318   3.5177473983896754E-321   1.0000000000000000     
  0.50505050505050508       -3.1727933498067860E-006   1.0000000000000000        1.2121212121212121E-002   125.65972222222190        9.0947604086456664E-318   3.5177473983896754E-321   1.0000000000000000     
  0.51515151515151525       -9.5056043304183084E-006   1.0000000000000000        1.2121212121212121E-002   125.65972222222214        1.3833838083554903E-322   1.7786363250284876E-322   1.0000000000000000     
  0.52525252525252530       -1.5800139597335008E-005   1.0000000000000000        1.2121212121212121E-002   125.65972222222263        1.3833838083554903E-322   1.7786363250284876E-322   1.0000000000000000     
  0.53535353535353536       -2.2031053278654058E-005   1.0000000000000000        1.2121212121212121E-002   125.65972222222214        7.9050503334599447E-323   1.9762625833649862E-323   1.0000000000000000     
  0.54545454545454553       -2.8173255684142986E-005   1.0000000000000000        1.2121212121212121E-002   125.65972222222214        8.4879831643551549E-314   9.3206727488140080E-314   1.0000000000000000     
  0.55555555555555558       -3.4202014332566867E-005   1.0000000000000000        1.2121212121212121E-002   125.65972222222214        0.0000000000000000        3.3596463917204765E-321   1.0000000000000000     
  0.56565656565656575       -4.0093053540661424E-005   1.0000000000000000        1.2121212121212121E-002   125.65972222222214        0.0000000000000000        3.3596463917204765E-321   1.0000000000000000     
  0.57575757575757580       -4.5822652172741073E-005   1.0000000000000000        1.2121212121212121E-002   125.65972222222263        0.0000000000000000        3.3596463917204765E-321   1.0000000000000000     
  0.58585858585858586       -5.1367739157340611E-005   1.0000000000000000        1.2121212121212121E-002   125.65972222222214        7.4022891322518922E-319   1.5810100666919889E-322   1.0000000000000000     
  0.59595959595959602       -5.6705986386277101E-005   1.0000000000000000        1.2121212121212121E-002   125.65972222222214        7.4022891322518922E-319   1.5810100666919889E-322   1.0000000000000000     
  0.60606060606060608       -6.1815898622060529E-005   1.0000000000000000        1.2121212121212121E-002   125.65972222222214        2.0236928853657458E-320   3.9525251667299724E-323   1.0000000000000000     
  0.61616161616161624       -6.6676900051629184E-005   1.0000000000000000        1.2121212121212121E-002   125.65972222222214        1.0609978956308559E-313   9.3206727473318110E-314   1.0000000000000000     
  0.62626262626262630       -7.1269417137886297E-005   1.0000000000000000        1.2121212121212121E-002   125.65972222222214        7.4876636758532596E-319   1.3953797222365158E-318   1.0000000000000000     
  0.63636363636363646       -7.5574957435425868E-005   1.0000000000000000        1.2121212121212121E-002   125.65972222222214        6.9529304564040137E-310   1.3953797222365158E-318   1.0000000000000000     
  0.64646464646464652       -7.9576184053083211E-005   1.0000000000000000        1.2121212121212121E-002   125.65972222222263        6.9460143009770551E-310   1.3953797222365158E-318   1.0000000000000000     
  0.65656565656565657       -8.3256985463477128E-005   1.0000000000000000        1.2121212121212121E-002   125.65972222222214        6.9460143179831899E-310   6.3438028926016056E-321   1.0000000000000000     
  0.66666666666666674       -8.6602540378443891E-005   1.0000000000000000        1.2121212121212121E-002   125.65972222222214        6.9529304563874130E-310   6.3438028926016056E-321   1.0000000000000000     
  0.67676767676767680       -8.9599377429133608E-005   1.0000000000000000        1.2121212121212121E-002   125.65972222222214        6.9529304563411685E-310   1.9762625833649862E-323   1.0000000000000000     
  0.68686868686868696       -9.2235429410458174E-005   1.0000000000000000        1.2121212121212121E-002   125.65972222222214        6.9529304563767412E-310   1.3564664329756421E-313   1.0000000000000000     
  0.69696969696969702       -9.4500081871466834E-005   1.0000000000000000        1.2121212121212121E-002   125.65972222222214        6.9460143121086011E-310   0.0000000000000000        1.0000000000000000     
  0.70707070707070718       -9.6384215855994216E-005   1.0000000000000000        1.2121212121212121E-002   125.65972222222214        0.0000000000000000        0.0000000000000000        1.0000000000000000     
  0.71717171717171724       -9.7880244621477877E-005   1.0000000000000000        1.2121212121212121E-002   125.65972222222263        6.0710786560972375E-320   0.0000000000000000        1.0000000000000000     
  0.72727272727272729       -9.8982144188093277E-005   1.0000000000000000        1.2121212121212121E-002   125.65972222222214        4.4070655609039192E-320   0.0000000000000000        1.0000000000000000     
  0.73737373737373746       -9.9685477595194246E-005   1.0000000000000000        1.2121212121212121E-002   125.65972222222214        4.4070655609039192E-320   0.0000000000000000        1.0000000000000000     
  0.74747474747474751       -9.9987412767387507E-005   1.0000000000000000        1.2121212121212121E-002   125.65972222222214        0.0000000000000000        7.9050503334599447E-323   1.0000000000000000     
  0.75757575757575768       -9.9886733918300806E-005   1.0000000000000000        1.2121212121212121E-002   125.65972222222214        1.2731974746285700E-313   9.3206727483199423E-314   1.0000000000000000     
  0.76767676767676774       -9.9383846446125411E-005   1.0000000000000000        1.2121212121212121E-002   125.65972222222263        6.0710786560972375E-320   1.4541735340916241E-318   1.0000000000000000     
  0.77777777777777779       -9.8480775301220812E-005   1.0000000000000000        1.2121212121212121E-002   125.65972222222214        9.7137258497555801E-319   1.4744104629452816E-318   1.0000000000000000     
  0.78787878787878796       -9.7181156832354168E-005   1.0000000000000000        1.2121212121212121E-002   125.65972222222214        9.6993485394615998E-319   1.4744104629452816E-318   1.0000000000000000     
  0.79797979797979801       -9.5490224144407389E-005   1.0000000000000000        1.2121212121212121E-002   125.65972222222214        9.6993485394615998E-319   2.8853433717128798E-321   1.0000000000000000     
  0.80808080808080818       -9.3414786026510655E-005   1.0000000000000000        1.2121212121212121E-002   125.65972222222214        6.0710786560972375E-320   2.8853433717128798E-321   1.0000000000000000     
  0.81818181818181823       -9.0963199535451831E-005   1.0000000000000000        1.2121212121212121E-002   125.65972222222214        2.4703282292062327E-323   4.9406564584124654E-324   1.0000000000000000     
  0.82828282828282840       -8.8145336344758201E-005   1.0000000000000000        1.2121212121212121E-002   125.65972222222214        9.7137258497555801E-319   3.3951932657420620E-313   1.0000000000000000     
  0.83838383838383845       -8.4972542994951437E-005   1.0000000000000000        1.2121212121212121E-002   125.65972222222263        1.4570588774633370E-318   4.7406913807133718E-307   1.0000000000000000     
  0.84848484848484851       -8.1457595205033592E-005   1.0000000000000000        1.2121212121212121E-002   125.65972222222214        1.4412883020480844E-318   1.0079480008073175E-313   1.0000000000000000     
  0.85858585858585867       -7.7614646429175670E-005   1.0000000000000000        1.2121212121212121E-002   125.65972222222214        1.4412883020480844E-318   1.4821969375237396E-323   1.0000000000000000     
  0.86868686868686873       -7.3459170865753325E-005   1.0000000000000000        1.2121212121212121E-002   125.65972222222214        9.7137258497555801E-319   4.2439915821281709E-313   1.0000000000000000     
  0.87878787878787890       -6.9007901148211145E-005   1.0000000000000000        1.2121212121212121E-002   125.65972222222214        4.9406564584124654E-324   4.7406913807133702E-307   1.0000000000000000     
  0.88888888888888895       -6.4278760968653891E-005   1.0000000000000000        1.2121212121212121E-002   125.65972222222214        1.4570588774633370E-318   8.9340844472313840E+264   1.0000000000000000     
  0.89898989898989912       -5.9290792905464021E-005   1.0000000000000000        1.2121212121212121E-002   125.65972222222214        1.4975327351706519E-318  -2.7629936054890231E+267   1.0000000000000000     
  0.90909090909090917       -5.4064081745559746E-005   1.0000000000000000        1.2121212121212121E-002   125.65972222222263        1.4806949779603822E-318   1.6388302885955032E-314   1.0000000000000000     
  0.91919191919191923       -4.8619673610046882E-005   1.0000000000000000        1.2121212121212121E-002   125.65972222222214        1.4807740284637168E-318   8.9123823268465805E-313   1.0000000000000000     
  0.92929292929292939       -4.2979491208917118E-005   1.0000000000000000        1.2121212121212121E-002   125.65972222222214        1.4368219486096795E-318   2.1219957917557773E-313   1.0000000000000000     
  0.93939393939393945       -3.7166245566032728E-005   1.0000000000000000        1.2121212121212121E-002   125.65972222222214        1.4821969375237396E-323  -6.3686728381733423E-135   1.0000000000000000     
  0.94949494949494961       -3.1203344569848625E-005   1.0000000000000000        1.2121212121212121E-002   125.65972222222214        1.5810100666919889E-322   7.0705980546251852E-270   1.0000000000000000     
  0.95959595959595967       -2.5114798718107939E-005   1.0000000000000000        1.2121212121212121E-002   125.65972222222263        3.9525251667299724E-323   6.9529304564605348E-310   1.0000000000000000     
  0.96969696969696972       -1.8925124436041064E-005   1.0000000000000000        1.2121212121212121E-002   125.65972222222214        8.4879831658373518E-314   6.9529304565166606E-310   1.0000000000000000     
  0.97979797979797989       -1.2659245357374905E-005   1.0000000000000000        1.2121212121212121E-002   125.65972222222214        4.3477776834029696E-321   0.0000000000000000        1.0000000000000000     
  0.98989898989898994       -6.3423919656564522E-006   1.0000000000000000        1.2121212121212121E-002   111.90972222222263        4.3477776834029696E-321   6.9460143009770551E-310   1.0000000000000000     
   1.0000000000000000       -2.4492935982947065E-020   1.0000000000000000        1.2121212121212121E-002   90.329861111111313        4.3477776834029696E-321   6.9460139679200416E-310   1.0000000000000000     
